{"/home/travis/build/npmtest/node-npmtest-joi/test.js":{"path":"/home/travis/build/npmtest/node-npmtest-joi/test.js","s":{"1":2,"2":2,"3":2,"4":2,"5":2,"6":2,"7":2,"8":1,"9":2,"10":2,"11":1,"12":1,"13":1,"14":1,"15":2,"16":2,"17":2,"18":2,"19":1,"20":1,"21":2,"22":2,"23":2,"24":1,"25":1,"26":1,"27":1,"28":1,"29":1,"30":1,"31":1,"32":1,"33":1,"34":1,"35":1,"36":1,"37":1,"38":1,"39":2,"40":2,"41":1,"42":2,"43":2,"44":1,"45":2,"46":2,"47":1,"48":2,"49":2,"50":1,"51":1,"52":1,"53":1,"54":1},"b":{"1":[2,1,1,1],"2":[1,1,1,1],"3":[1,1],"4":[1,1],"5":[1,1],"6":[1,1],"7":[1,1],"8":[1,1],"9":[1,1],"10":[1,1,1],"11":[1,1],"12":[1,1],"13":[1,1],"14":[1,1],"15":[1,1],"16":[1,1],"17":[1,1]},"f":{"1":2,"2":2,"3":2,"4":2,"5":2,"6":1,"7":1,"8":1,"9":2,"10":2,"11":2,"12":2,"13":1},"fnMap":{"1":{"name":"(anonymous_1)","line":12,"loc":{"start":{"line":12,"column":1},"end":{"line":12,"column":13}}},"2":{"name":"(anonymous_2)","line":19,"loc":{"start":{"line":19,"column":5},"end":{"line":19,"column":17}}},"3":{"name":"(anonymous_3)","line":23,"loc":{"start":{"line":23,"column":24},"end":{"line":23,"column":36}}},"4":{"name":"(anonymous_4)","line":61,"loc":{"start":{"line":61,"column":5},"end":{"line":61,"column":17}}},"5":{"name":"(anonymous_5)","line":82,"loc":{"start":{"line":82,"column":5},"end":{"line":82,"column":17}}},"6":{"name":"(anonymous_6)","line":91,"loc":{"start":{"line":91,"column":77},"end":{"line":94,"column":10}}},"7":{"name":"(anonymous_7)","line":112,"loc":{"start":{"line":112,"column":83},"end":{"line":115,"column":10}},"skip":true},"8":{"name":"(anonymous_8)","line":123,"loc":{"start":{"line":123,"column":77},"end":{"line":126,"column":10}},"skip":true},"9":{"name":"(anonymous_9)","line":139,"loc":{"start":{"line":139,"column":12},"end":{"line":139,"column":40}},"skip":true},"10":{"name":"(anonymous_10)","line":147,"loc":{"start":{"line":147,"column":77},"end":{"line":150,"column":10}},"skip":true},"11":{"name":"(anonymous_11)","line":158,"loc":{"start":{"line":158,"column":83},"end":{"line":161,"column":10}},"skip":true},"12":{"name":"(anonymous_12)","line":169,"loc":{"start":{"line":169,"column":79},"end":{"line":172,"column":10}},"skip":true},"13":{"name":"(anonymous_13)","line":180,"loc":{"start":{"line":180,"column":75},"end":{"line":183,"column":10}},"skip":true}},"statementMap":{"1":{"start":{"line":12,"column":0},"end":{"line":195,"column":5}},"2":{"start":{"line":14,"column":4},"end":{"line":14,"column":14}},"3":{"start":{"line":19,"column":4},"end":{"line":56,"column":9}},"4":{"start":{"line":21,"column":8},"end":{"line":21,"column":19}},"5":{"start":{"line":23,"column":8},"end":{"line":35,"column":13}},"6":{"start":{"line":24,"column":12},"end":{"line":34,"column":13}},"7":{"start":{"line":25,"column":16},"end":{"line":28,"column":30}},"8":{"start":{"line":30,"column":16},"end":{"line":33,"column":27}},"9":{"start":{"line":37,"column":8},"end":{"line":39,"column":21}},"10":{"start":{"line":40,"column":8},"end":{"line":53,"column":9}},"11":{"start":{"line":43,"column":12},"end":{"line":46,"column":14}},"12":{"start":{"line":47,"column":12},"end":{"line":47,"column":18}},"13":{"start":{"line":50,"column":12},"end":{"line":51,"column":33}},"14":{"start":{"line":52,"column":12},"end":{"line":52,"column":18}},"15":{"start":{"line":55,"column":8},"end":{"line":55,"column":35}},"16":{"start":{"line":61,"column":4},"end":{"line":63,"column":9}},"17":{"start":{"line":62,"column":8},"end":{"line":62,"column":15}},"18":{"start":{"line":64,"column":4},"end":{"line":77,"column":5}},"19":{"start":{"line":70,"column":8},"end":{"line":70,"column":14}},"20":{"start":{"line":76,"column":8},"end":{"line":76,"column":14}},"21":{"start":{"line":82,"column":4},"end":{"line":84,"column":9}},"22":{"start":{"line":83,"column":8},"end":{"line":83,"column":15}},"23":{"start":{"line":85,"column":4},"end":{"line":194,"column":5}},"24":{"start":{"line":91,"column":8},"end":{"line":99,"column":10}},"25":{"start":{"line":98,"column":12},"end":{"line":98,"column":35}},"26":{"start":{"line":102,"column":8},"end":{"line":104,"column":63}},"27":{"start":{"line":105,"column":8},"end":{"line":105,"column":14}},"28":{"start":{"line":112,"column":8},"end":{"line":121,"column":10},"skip":true},"29":{"start":{"line":119,"column":12},"end":{"line":119,"column":55},"skip":true},"30":{"start":{"line":120,"column":12},"end":{"line":120,"column":48},"skip":true},"31":{"start":{"line":123,"column":8},"end":{"line":136,"column":10},"skip":true},"32":{"start":{"line":130,"column":12},"end":{"line":130,"column":76},"skip":true},"33":{"start":{"line":131,"column":12},"end":{"line":131,"column":73},"skip":true},"34":{"start":{"line":132,"column":12},"end":{"line":132,"column":74},"skip":true},"35":{"start":{"line":133,"column":12},"end":{"line":133,"column":79},"skip":true},"36":{"start":{"line":134,"column":12},"end":{"line":134,"column":25},"skip":true},"37":{"start":{"line":135,"column":12},"end":{"line":135,"column":45},"skip":true},"38":{"start":{"line":138,"column":8},"end":{"line":145,"column":14},"skip":true},"39":{"start":{"line":143,"column":16},"end":{"line":143,"column":29},"skip":true},"40":{"start":{"line":144,"column":16},"end":{"line":144,"column":55},"skip":true},"41":{"start":{"line":147,"column":8},"end":{"line":156,"column":10},"skip":true},"42":{"start":{"line":154,"column":12},"end":{"line":154,"column":25},"skip":true},"43":{"start":{"line":155,"column":12},"end":{"line":155,"column":45},"skip":true},"44":{"start":{"line":158,"column":8},"end":{"line":167,"column":10},"skip":true},"45":{"start":{"line":165,"column":12},"end":{"line":165,"column":25},"skip":true},"46":{"start":{"line":166,"column":12},"end":{"line":166,"column":48},"skip":true},"47":{"start":{"line":169,"column":8},"end":{"line":178,"column":10},"skip":true},"48":{"start":{"line":176,"column":12},"end":{"line":176,"column":25},"skip":true},"49":{"start":{"line":177,"column":12},"end":{"line":177,"column":46},"skip":true},"50":{"start":{"line":180,"column":8},"end":{"line":189,"column":10},"skip":true},"51":{"start":{"line":187,"column":12},"end":{"line":187,"column":94},"skip":true},"52":{"start":{"line":188,"column":12},"end":{"line":188,"column":48},"skip":true},"53":{"start":{"line":192,"column":8},"end":{"line":192,"column":35},"skip":true},"54":{"start":{"line":193,"column":8},"end":{"line":193,"column":14},"skip":true}},"branchMap":{"1":{"line":25,"type":"binary-expr","locations":[{"start":{"line":25,"column":23},"end":{"line":25,"column":62}},{"start":{"line":26,"column":20},"end":{"line":26,"column":70}},{"start":{"line":27,"column":20},"end":{"line":27,"column":71}},{"start":{"line":28,"column":20},"end":{"line":28,"column":29}}]},"2":{"line":30,"type":"binary-expr","locations":[{"start":{"line":30,"column":23},"end":{"line":30,"column":37}},{"start":{"line":31,"column":20},"end":{"line":31,"column":61}},{"start":{"line":32,"column":20},"end":{"line":32,"column":70}},{"start":{"line":33,"column":20},"end":{"line":33,"column":26}}]},"3":{"line":37,"type":"cond-expr","locations":[{"start":{"line":38,"column":14},"end":{"line":38,"column":20}},{"start":{"line":39,"column":14},"end":{"line":39,"column":20}}]},"4":{"line":40,"type":"switch","locations":[{"start":{"line":42,"column":8},"end":{"line":47,"column":18}},{"start":{"line":49,"column":8},"end":{"line":52,"column":18}}]},"5":{"line":44,"type":"binary-expr","locations":[{"start":{"line":44,"column":16},"end":{"line":44,"column":44}},{"start":{"line":44,"column":48},"end":{"line":44,"column":66}}]},"6":{"line":50,"type":"binary-expr","locations":[{"start":{"line":50,"column":21},"end":{"line":50,"column":49}},{"start":{"line":50,"column":53},"end":{"line":50,"column":72}}]},"7":{"line":64,"type":"switch","locations":[{"start":{"line":69,"column":4},"end":{"line":70,"column":14}},{"start":{"line":75,"column":4},"end":{"line":76,"column":14}}]},"8":{"line":85,"type":"switch","locations":[{"start":{"line":90,"column":4},"end":{"line":105,"column":14}},{"start":{"line":111,"column":4},"end":{"line":193,"column":14},"skip":true}]},"9":{"line":91,"type":"binary-expr","locations":[{"start":{"line":91,"column":42},"end":{"line":91,"column":73}},{"start":{"line":91,"column":77},"end":{"line":99,"column":9}}]},"10":{"line":102,"type":"binary-expr","locations":[{"start":{"line":102,"column":18},"end":{"line":102,"column":32}},{"start":{"line":103,"column":12},"end":{"line":103,"column":53}},{"start":{"line":104,"column":12},"end":{"line":104,"column":61}}]},"11":{"line":112,"type":"binary-expr","locations":[{"start":{"line":112,"column":45},"end":{"line":112,"column":79},"skip":true},{"start":{"line":112,"column":83},"end":{"line":121,"column":9},"skip":true}]},"12":{"line":123,"type":"binary-expr","locations":[{"start":{"line":123,"column":42},"end":{"line":123,"column":73},"skip":true},{"start":{"line":123,"column":77},"end":{"line":136,"column":9},"skip":true}]},"13":{"line":138,"type":"binary-expr","locations":[{"start":{"line":138,"column":48},"end":{"line":138,"column":85},"skip":true},{"start":{"line":139,"column":12},"end":{"line":145,"column":13},"skip":true}]},"14":{"line":147,"type":"binary-expr","locations":[{"start":{"line":147,"column":42},"end":{"line":147,"column":73},"skip":true},{"start":{"line":147,"column":77},"end":{"line":156,"column":9},"skip":true}]},"15":{"line":158,"type":"binary-expr","locations":[{"start":{"line":158,"column":45},"end":{"line":158,"column":79},"skip":true},{"start":{"line":158,"column":83},"end":{"line":167,"column":9},"skip":true}]},"16":{"line":169,"type":"binary-expr","locations":[{"start":{"line":169,"column":43},"end":{"line":169,"column":75},"skip":true},{"start":{"line":169,"column":79},"end":{"line":178,"column":9},"skip":true}]},"17":{"line":180,"type":"binary-expr","locations":[{"start":{"line":180,"column":41},"end":{"line":180,"column":71},"skip":true},{"start":{"line":180,"column":75},"end":{"line":189,"column":9},"skip":true}]}},"code":["/* istanbul instrument in package npmtest_joi */","/*jslint","    bitwise: true,","    browser: true,","    maxerr: 8,","    maxlen: 96,","    node: true,","    nomen: true,","    regexp: true,","    stupid: true","*/","(function () {","    'use strict';","    var local;","","","","    // run shared js-env code - init-before","    (function () {","        // init local","        local = {};","        // init modeJs","        local.modeJs = (function () {","            try {","                return typeof navigator.userAgent === 'string' &&","                    typeof document.querySelector('body') === 'object' &&","                    typeof XMLHttpRequest.prototype.open === 'function' &&","                    'browser';","            } catch (errorCaughtBrowser) {","                return module.exports &&","                    typeof process.versions.node === 'string' &&","                    typeof require('http').createServer === 'function' &&","                    'node';","            }","        }());","        // init global","        local.global = local.modeJs === 'browser'","            ? window","            : global;","        switch (local.modeJs) {","        // re-init local from window.local","        case 'browser':","            local = local.global.utility2.objectSetDefault(","                local.global.utility2_rollup || local.global.local,","                local.global.utility2","            );","            break;","        // re-init local from example.js","        case 'node':","            local = (local.global.utility2_rollup || require('utility2'))","                .requireReadme();","            break;","        }","        // export local","        local.global.local = local;","    }());","","","","    // run shared js-env code - function","    (function () {","        return;","    }());","    switch (local.modeJs) {","","","","    // run browser js-env code - function","    case 'browser':","        break;","","","","    // run node js-env code - function","    case 'node':","        break;","    }","","","","    // run shared js-env code - init-after","    (function () {","        return;","    }());","    switch (local.modeJs) {","","","","    // run browser js-env code - init-after","    case 'browser':","        local.testCase_browser_nullCase = local.testCase_browser_nullCase || function (","            options,","            onError","        ) {","        /*","         * this function will test browsers's null-case handling-behavior-behavior","         */","            onError(null, options);","        };","","        // run tests","        local.nop(local.modeTest &&","            document.querySelector('#testRunButton1') &&","            document.querySelector('#testRunButton1').click());","        break;","","","","    // run node js-env code - init-after","    /* istanbul ignore next */","    case 'node':","        local.testCase_buildApidoc_default = local.testCase_buildApidoc_default || function (","            options,","            onError","        ) {","        /*","         * this function will test buildApidoc's default handling-behavior-behavior","         */","            options = { modulePathList: module.paths };","            local.buildApidoc(options, onError);","        };","","        local.testCase_buildApp_default = local.testCase_buildApp_default || function (","            options,","            onError","        ) {","        /*","         * this function will test buildApp's default handling-behavior-behavior","         */","            local.testCase_buildReadme_default(options, local.onErrorThrow);","            local.testCase_buildLib_default(options, local.onErrorThrow);","            local.testCase_buildTest_default(options, local.onErrorThrow);","            local.testCase_buildCustomOrg_default(options, local.onErrorThrow);","            options = [];","            local.buildApp(options, onError);","        };","","        local.testCase_buildCustomOrg_default = local.testCase_buildCustomOrg_default ||","            function (options, onError) {","            /*","             * this function will test buildCustomOrg's default handling-behavior","             */","                options = {};","                local.buildCustomOrg(options, onError);","            };","","        local.testCase_buildLib_default = local.testCase_buildLib_default || function (","            options,","            onError","        ) {","        /*","         * this function will test buildLib's default handling-behavior","         */","            options = {};","            local.buildLib(options, onError);","        };","","        local.testCase_buildReadme_default = local.testCase_buildReadme_default || function (","            options,","            onError","        ) {","        /*","         * this function will test buildReadme's default handling-behavior-behavior","         */","            options = {};","            local.buildReadme(options, onError);","        };","","        local.testCase_buildTest_default = local.testCase_buildTest_default || function (","            options,","            onError","        ) {","        /*","         * this function will test buildTest's default handling-behavior","         */","            options = {};","            local.buildTest(options, onError);","        };","","        local.testCase_webpage_default = local.testCase_webpage_default || function (","            options,","            onError","        ) {","        /*","         * this function will test webpage's default handling-behavior","         */","            options = { modeCoverageMerge: true, url: local.serverLocalHost + '?modeTest=1' };","            local.browserTest(options, onError);","        };","","        // run test-server","        local.testRunServer(local);","        break;","    }","}());",""],"l":{"12":2,"14":2,"19":2,"21":2,"23":2,"24":2,"25":2,"30":1,"37":2,"40":2,"43":1,"47":1,"50":1,"52":1,"55":2,"61":2,"62":2,"64":2,"70":1,"76":1,"82":2,"83":2,"85":2,"91":1,"98":1,"102":1,"105":1,"112":1,"119":1,"120":1,"123":1,"130":1,"131":1,"132":1,"133":1,"134":1,"135":1,"138":1,"143":2,"144":2,"147":1,"154":2,"155":2,"158":1,"165":2,"166":2,"169":1,"176":2,"177":2,"180":1,"187":1,"188":1,"192":1,"193":1}},"/home/travis/build/npmtest/node-npmtest-joi/lib.npmtest_joi.js":{"path":"/home/travis/build/npmtest/node-npmtest-joi/lib.npmtest_joi.js","s":{"1":2,"2":2,"3":2,"4":2,"5":2,"6":2,"7":2,"8":1,"9":2,"10":2,"11":2,"12":2,"13":1,"14":1,"15":1,"16":1},"b":{"1":[2,1,1,1],"2":[1,1,1,1],"3":[1,1],"4":[2,2],"5":[1,1]},"f":{"1":2,"2":2,"3":2},"fnMap":{"1":{"name":"(anonymous_1)","line":12,"loc":{"start":{"line":12,"column":1},"end":{"line":12,"column":13}}},"2":{"name":"(anonymous_2)","line":19,"loc":{"start":{"line":19,"column":5},"end":{"line":19,"column":17}}},"3":{"name":"(anonymous_3)","line":23,"loc":{"start":{"line":23,"column":24},"end":{"line":23,"column":36}}}},"statementMap":{"1":{"start":{"line":12,"column":0},"end":{"line":53,"column":5}},"2":{"start":{"line":14,"column":4},"end":{"line":14,"column":14}},"3":{"start":{"line":19,"column":4},"end":{"line":52,"column":9}},"4":{"start":{"line":21,"column":8},"end":{"line":21,"column":19}},"5":{"start":{"line":23,"column":8},"end":{"line":35,"column":13}},"6":{"start":{"line":24,"column":12},"end":{"line":34,"column":13}},"7":{"start":{"line":25,"column":16},"end":{"line":28,"column":30}},"8":{"start":{"line":30,"column":16},"end":{"line":33,"column":27}},"9":{"start":{"line":37,"column":8},"end":{"line":39,"column":21}},"10":{"start":{"line":41,"column":8},"end":{"line":41,"column":54}},"11":{"start":{"line":43,"column":8},"end":{"line":43,"column":48}},"12":{"start":{"line":45,"column":8},"end":{"line":51,"column":9}},"13":{"start":{"line":46,"column":12},"end":{"line":46,"column":54}},"14":{"start":{"line":48,"column":12},"end":{"line":48,"column":35}},"15":{"start":{"line":49,"column":12},"end":{"line":49,"column":49}},"16":{"start":{"line":50,"column":12},"end":{"line":50,"column":43}}},"branchMap":{"1":{"line":25,"type":"binary-expr","locations":[{"start":{"line":25,"column":23},"end":{"line":25,"column":62}},{"start":{"line":26,"column":20},"end":{"line":26,"column":70}},{"start":{"line":27,"column":20},"end":{"line":27,"column":71}},{"start":{"line":28,"column":20},"end":{"line":28,"column":29}}]},"2":{"line":30,"type":"binary-expr","locations":[{"start":{"line":30,"column":23},"end":{"line":30,"column":37}},{"start":{"line":31,"column":20},"end":{"line":31,"column":61}},{"start":{"line":32,"column":20},"end":{"line":32,"column":70}},{"start":{"line":33,"column":20},"end":{"line":33,"column":26}}]},"3":{"line":37,"type":"cond-expr","locations":[{"start":{"line":38,"column":14},"end":{"line":38,"column":20}},{"start":{"line":39,"column":14},"end":{"line":39,"column":20}}]},"4":{"line":41,"type":"binary-expr","locations":[{"start":{"line":41,"column":16},"end":{"line":41,"column":44}},{"start":{"line":41,"column":48},"end":{"line":41,"column":53}}]},"5":{"line":45,"type":"if","locations":[{"start":{"line":45,"column":8},"end":{"line":45,"column":8}},{"start":{"line":45,"column":8},"end":{"line":45,"column":8}}]}},"code":["/* istanbul instrument in package npmtest_joi */","/*jslint","    bitwise: true,","    browser: true,","    maxerr: 8,","    maxlen: 96,","    node: true,","    nomen: true,","    regexp: true,","    stupid: true","*/","(function () {","    'use strict';","    var local;","","","","    // run shared js-env code - init-before","    (function () {","        // init local","        local = {};","        // init modeJs","        local.modeJs = (function () {","            try {","                return typeof navigator.userAgent === 'string' &&","                    typeof document.querySelector('body') === 'object' &&","                    typeof XMLHttpRequest.prototype.open === 'function' &&","                    'browser';","            } catch (errorCaughtBrowser) {","                return module.exports &&","                    typeof process.versions.node === 'string' &&","                    typeof require('http').createServer === 'function' &&","                    'node';","            }","        }());","        // init global","        local.global = local.modeJs === 'browser'","            ? window","            : global;","        // init utility2_rollup","        local = local.global.utility2_rollup || local;","        // init lib","        local.local = local.npmtest_joi = local;","        // init exports","        if (local.modeJs === 'browser') {","            local.global.utility2_npmtest_joi = local;","        } else {","            module.exports = local;","            module.exports.__dirname = __dirname;","            module.exports.module = module;","        }","    }());","}());",""],"l":{"12":2,"14":2,"19":2,"21":2,"23":2,"24":2,"25":2,"30":1,"37":2,"41":2,"43":2,"45":2,"46":1,"48":1,"49":1,"50":1}},"/home/travis/build/npmtest/node-npmtest-joi/example.js":{"path":"/home/travis/build/npmtest/node-npmtest-joi/example.js","s":{"1":2,"2":2,"3":2,"4":2,"5":2,"6":2,"7":2,"8":1,"9":2,"10":2,"11":2,"12":2,"13":1,"14":2,"15":2,"16":2,"17":2,"18":2,"19":0,"20":2,"21":1,"22":1,"23":1,"24":1,"25":1,"26":0,"27":0,"28":1,"29":1,"30":2,"31":0,"32":0,"33":0,"34":1,"35":2,"36":2,"37":3,"38":3,"39":3,"40":3,"41":0,"42":3,"43":3,"44":3,"45":1,"46":3,"47":1,"48":1,"49":1,"50":1,"51":1,"52":1,"53":1,"54":1,"55":1,"56":1,"57":0,"58":1,"59":6,"60":6,"61":1,"62":2,"63":0,"64":2,"65":1,"66":1,"67":0,"68":0,"69":0,"70":0,"71":0,"72":0,"73":0,"74":0,"75":0,"76":0,"77":0,"78":0,"79":0,"80":0,"81":0,"82":0,"83":0},"b":{"1":[2,1,1,1],"2":[1,1,1,1],"3":[1,1],"4":[2,2],"5":[1,1],"6":[1,1],"7":[2,0],"8":[2,1,1,1,1,1],"9":[0,2,0],"10":[1,1],"11":[2,1,1],"12":[1,0],"13":[0,2],"14":[2,0,0,0,0,0,0],"15":[0,3],"16":[3,0],"17":[1,1],"18":[0,1],"19":[1,2,0,2],"20":[1,0],"21":[1,1],"22":[0,0],"23":[0,0],"24":[0,0],"25":[0,0],"26":[0,0],"27":[0,0],"28":[0,0]},"f":{"1":2,"2":2,"3":2,"4":2,"5":2,"6":2,"7":3,"8":3,"9":3,"10":1,"11":6,"12":0},"fnMap":{"1":{"name":"(anonymous_1)","line":26,"loc":{"start":{"line":26,"column":1},"end":{"line":26,"column":13}}},"2":{"name":"(anonymous_2)","line":33,"loc":{"start":{"line":33,"column":5},"end":{"line":33,"column":17}}},"3":{"name":"(anonymous_3)","line":37,"loc":{"start":{"line":37,"column":24},"end":{"line":37,"column":36}}},"4":{"name":"(anonymous_4)","line":69,"loc":{"start":{"line":69,"column":31},"end":{"line":69,"column":48}},"skip":true},"5":{"name":"(anonymous_5)","line":78,"loc":{"start":{"line":78,"column":26},"end":{"line":78,"column":45}},"skip":true},"6":{"name":"(anonymous_6)","line":123,"loc":{"start":{"line":123,"column":33},"end":{"line":123,"column":48}},"skip":true},"7":{"name":"(anonymous_7)","line":125,"loc":{"start":{"line":125,"column":27},"end":{"line":125,"column":39}},"skip":true},"8":{"name":"(anonymous_8)","line":133,"loc":{"start":{"line":133,"column":59},"end":{"line":133,"column":74}},"skip":true},"9":{"name":"(anonymous_9)","line":143,"loc":{"start":{"line":143,"column":45},"end":{"line":143,"column":62}},"skip":true},"10":{"name":"(anonymous_10)","line":144,"loc":{"start":{"line":144,"column":73},"end":{"line":144,"column":92}},"skip":true},"11":{"name":"(anonymous_11)","line":272,"loc":{"start":{"line":272,"column":51},"end":{"line":272,"column":77}},"skip":true},"12":{"name":"(anonymous_12)","line":315,"loc":{"start":{"line":315,"column":32},"end":{"line":315,"column":61}},"skip":true}},"statementMap":{"1":{"start":{"line":26,"column":0},"end":{"line":326,"column":5}},"2":{"start":{"line":28,"column":4},"end":{"line":28,"column":14}},"3":{"start":{"line":33,"column":4},"end":{"line":60,"column":9}},"4":{"start":{"line":35,"column":8},"end":{"line":35,"column":19}},"5":{"start":{"line":37,"column":8},"end":{"line":49,"column":13}},"6":{"start":{"line":38,"column":12},"end":{"line":48,"column":13}},"7":{"start":{"line":39,"column":16},"end":{"line":42,"column":30}},"8":{"start":{"line":44,"column":16},"end":{"line":47,"column":27}},"9":{"start":{"line":51,"column":8},"end":{"line":53,"column":21}},"10":{"start":{"line":55,"column":8},"end":{"line":57,"column":45}},"11":{"start":{"line":59,"column":8},"end":{"line":59,"column":35}},"12":{"start":{"line":61,"column":4},"end":{"line":325,"column":5}},"13":{"start":{"line":69,"column":8},"end":{"line":121,"column":10},"skip":true},"14":{"start":{"line":70,"column":12},"end":{"line":88,"column":13},"skip":true},"15":{"start":{"line":76,"column":16},"end":{"line":87,"column":19},"skip":true},"16":{"start":{"line":79,"column":20},"end":{"line":86,"column":21},"skip":true},"17":{"start":{"line":82,"column":24},"end":{"line":82,"column":43},"skip":true},"18":{"start":{"line":83,"column":24},"end":{"line":83,"column":30},"skip":true},"19":{"start":{"line":85,"column":24},"end":{"line":85,"column":49},"skip":true},"20":{"start":{"line":89,"column":12},"end":{"line":107,"column":13},"skip":true},"21":{"start":{"line":92,"column":16},"end":{"line":102,"column":17},"skip":true},"22":{"start":{"line":93,"column":20},"end":{"line":93,"column":86},"skip":true},"23":{"start":{"line":94,"column":20},"end":{"line":95,"column":45},"skip":true},"24":{"start":{"line":96,"column":20},"end":{"line":96,"column":42},"skip":true},"25":{"start":{"line":97,"column":20},"end":{"line":97,"column":48},"skip":true},"26":{"start":{"line":100,"column":20},"end":{"line":100,"column":85},"skip":true},"27":{"start":{"line":101,"column":20},"end":{"line":101,"column":96},"skip":true},"28":{"start":{"line":103,"column":16},"end":{"line":103,"column":22},"skip":true},"29":{"start":{"line":106,"column":16},"end":{"line":106,"column":22},"skip":true},"30":{"start":{"line":108,"column":12},"end":{"line":120,"column":13},"skip":true},"31":{"start":{"line":114,"column":16},"end":{"line":119,"column":17},"skip":true},"32":{"start":{"line":116,"column":20},"end":{"line":116,"column":78},"skip":true},"33":{"start":{"line":118,"column":20},"end":{"line":118,"column":47},"skip":true},"34":{"start":{"line":123,"column":8},"end":{"line":141,"column":11},"skip":true},"35":{"start":{"line":124,"column":12},"end":{"line":124,"column":54},"skip":true},"36":{"start":{"line":125,"column":12},"end":{"line":140,"column":14},"skip":true},"37":{"start":{"line":126,"column":16},"end":{"line":126,"column":28},"skip":true},"38":{"start":{"line":127,"column":16},"end":{"line":127,"column":69},"skip":true},"39":{"start":{"line":128,"column":16},"end":{"line":128,"column":75},"skip":true},"40":{"start":{"line":129,"column":16},"end":{"line":131,"column":17},"skip":true},"41":{"start":{"line":130,"column":20},"end":{"line":130,"column":27},"skip":true},"42":{"start":{"line":133,"column":16},"end":{"line":137,"column":36},"skip":true},"43":{"start":{"line":134,"column":20},"end":{"line":136,"column":55},"skip":true},"44":{"start":{"line":139,"column":16},"end":{"line":139,"column":57},"skip":true},"45":{"start":{"line":143,"column":8},"end":{"line":147,"column":11},"skip":true},"46":{"start":{"line":144,"column":12},"end":{"line":146,"column":15},"skip":true},"47":{"start":{"line":145,"column":16},"end":{"line":145,"column":70},"skip":true},"48":{"start":{"line":149,"column":8},"end":{"line":149,"column":31},"skip":true},"49":{"start":{"line":150,"column":8},"end":{"line":150,"column":14},"skip":true},"50":{"start":{"line":158,"column":8},"end":{"line":158,"column":31},"skip":true},"51":{"start":{"line":160,"column":8},"end":{"line":160,"column":33},"skip":true},"52":{"start":{"line":161,"column":8},"end":{"line":161,"column":37},"skip":true},"53":{"start":{"line":162,"column":8},"end":{"line":162,"column":35},"skip":true},"54":{"start":{"line":164,"column":8},"end":{"line":164,"column":50},"skip":true},"55":{"start":{"line":166,"column":8},"end":{"line":256,"column":2},"skip":true},"56":{"start":{"line":258,"column":8},"end":{"line":286,"column":9},"skip":true},"57":{"start":{"line":259,"column":12},"end":{"line":269,"column":14},"skip":true},"58":{"start":{"line":271,"column":12},"end":{"line":285,"column":19},"skip":true},"59":{"start":{"line":274,"column":20},"end":{"line":274,"column":35},"skip":true},"60":{"start":{"line":275,"column":20},"end":{"line":284,"column":21},"skip":true},"61":{"start":{"line":277,"column":24},"end":{"line":277,"column":64},"skip":true},"62":{"start":{"line":279,"column":24},"end":{"line":279,"column":40},"skip":true},"63":{"start":{"line":281,"column":24},"end":{"line":281,"column":40},"skip":true},"64":{"start":{"line":283,"column":24},"end":{"line":283,"column":39},"skip":true},"65":{"start":{"line":288,"column":8},"end":{"line":290,"column":9},"skip":true},"66":{"start":{"line":289,"column":12},"end":{"line":289,"column":18},"skip":true},"67":{"start":{"line":291,"column":8},"end":{"line":293,"column":54},"skip":true},"68":{"start":{"line":296,"column":8},"end":{"line":301,"column":37},"skip":true},"69":{"start":{"line":303,"column":8},"end":{"line":303,"column":82},"skip":true},"70":{"start":{"line":306,"column":8},"end":{"line":308,"column":9},"skip":true},"71":{"start":{"line":307,"column":12},"end":{"line":307,"column":82},"skip":true},"72":{"start":{"line":310,"column":8},"end":{"line":312,"column":9},"skip":true},"73":{"start":{"line":311,"column":12},"end":{"line":311,"column":18},"skip":true},"74":{"start":{"line":313,"column":8},"end":{"line":313,"column":54},"skip":true},"75":{"start":{"line":314,"column":8},"end":{"line":314,"column":69},"skip":true},"76":{"start":{"line":315,"column":8},"end":{"line":323,"column":36},"skip":true},"77":{"start":{"line":316,"column":12},"end":{"line":316,"column":61},"skip":true},"78":{"start":{"line":317,"column":12},"end":{"line":320,"column":13},"skip":true},"79":{"start":{"line":318,"column":16},"end":{"line":318,"column":75},"skip":true},"80":{"start":{"line":319,"column":16},"end":{"line":319,"column":23},"skip":true},"81":{"start":{"line":321,"column":12},"end":{"line":321,"column":38},"skip":true},"82":{"start":{"line":322,"column":12},"end":{"line":322,"column":27},"skip":true},"83":{"start":{"line":324,"column":8},"end":{"line":324,"column":14},"skip":true}},"branchMap":{"1":{"line":39,"type":"binary-expr","locations":[{"start":{"line":39,"column":23},"end":{"line":39,"column":62}},{"start":{"line":40,"column":20},"end":{"line":40,"column":70}},{"start":{"line":41,"column":20},"end":{"line":41,"column":71}},{"start":{"line":42,"column":20},"end":{"line":42,"column":29}}]},"2":{"line":44,"type":"binary-expr","locations":[{"start":{"line":44,"column":23},"end":{"line":44,"column":37}},{"start":{"line":45,"column":20},"end":{"line":45,"column":61}},{"start":{"line":46,"column":20},"end":{"line":46,"column":70}},{"start":{"line":47,"column":20},"end":{"line":47,"column":26}}]},"3":{"line":51,"type":"cond-expr","locations":[{"start":{"line":52,"column":14},"end":{"line":52,"column":20}},{"start":{"line":53,"column":14},"end":{"line":53,"column":20}}]},"4":{"line":55,"type":"binary-expr","locations":[{"start":{"line":55,"column":16},"end":{"line":55,"column":44}},{"start":{"line":55,"column":49},"end":{"line":57,"column":43}}]},"5":{"line":55,"type":"cond-expr","locations":[{"start":{"line":56,"column":14},"end":{"line":56,"column":47}},{"start":{"line":57,"column":14},"end":{"line":57,"column":43}}]},"6":{"line":61,"type":"switch","locations":[{"start":{"line":68,"column":4},"end":{"line":150,"column":14},"skip":true},{"start":{"line":156,"column":4},"end":{"line":324,"column":14},"skip":true}]},"7":{"line":70,"type":"if","locations":[{"start":{"line":70,"column":12},"end":{"line":70,"column":12},"skip":true},{"start":{"line":70,"column":12},"end":{"line":70,"column":12},"skip":true}]},"8":{"line":70,"type":"binary-expr","locations":[{"start":{"line":70,"column":16},"end":{"line":70,"column":22},"skip":true},{"start":{"line":70,"column":27},"end":{"line":70,"column":32},"skip":true},{"start":{"line":71,"column":20},"end":{"line":71,"column":39},"skip":true},{"start":{"line":72,"column":20},"end":{"line":72,"column":49},"skip":true},{"start":{"line":73,"column":20},"end":{"line":73,"column":58},"skip":true},{"start":{"line":74,"column":20},"end":{"line":74,"column":69},"skip":true}]},"9":{"line":79,"type":"switch","locations":[{"start":{"line":80,"column":20},"end":{"line":80,"column":33},"skip":true},{"start":{"line":81,"column":20},"end":{"line":83,"column":30},"skip":true},{"start":{"line":84,"column":20},"end":{"line":85,"column":49},"skip":true}]},"10":{"line":89,"type":"switch","locations":[{"start":{"line":90,"column":12},"end":{"line":103,"column":22},"skip":true},{"start":{"line":105,"column":12},"end":{"line":106,"column":22},"skip":true}]},"11":{"line":89,"type":"binary-expr","locations":[{"start":{"line":89,"column":20},"end":{"line":89,"column":25},"skip":true},{"start":{"line":89,"column":29},"end":{"line":89,"column":48},"skip":true},{"start":{"line":89,"column":52},"end":{"line":89,"column":74},"skip":true}]},"12":{"line":92,"type":"if","locations":[{"start":{"line":92,"column":16},"end":{"line":92,"column":16},"skip":true},{"start":{"line":92,"column":16},"end":{"line":92,"column":16},"skip":true}]},"13":{"line":108,"type":"if","locations":[{"start":{"line":108,"column":12},"end":{"line":108,"column":12},"skip":true},{"start":{"line":108,"column":12},"end":{"line":108,"column":12},"skip":true}]},"14":{"line":108,"type":"binary-expr","locations":[{"start":{"line":108,"column":16},"end":{"line":108,"column":61},"skip":true},{"start":{"line":108,"column":66},"end":{"line":108,"column":72},"skip":true},{"start":{"line":108,"column":77},"end":{"line":108,"column":82},"skip":true},{"start":{"line":109,"column":20},"end":{"line":109,"column":39},"skip":true},{"start":{"line":110,"column":20},"end":{"line":110,"column":49},"skip":true},{"start":{"line":111,"column":20},"end":{"line":111,"column":58},"skip":true},{"start":{"line":112,"column":20},"end":{"line":112,"column":68},"skip":true}]},"15":{"line":129,"type":"if","locations":[{"start":{"line":129,"column":16},"end":{"line":129,"column":16},"skip":true},{"start":{"line":129,"column":16},"end":{"line":129,"column":16},"skip":true}]},"16":{"line":134,"type":"cond-expr","locations":[{"start":{"line":135,"column":26},"end":{"line":135,"column":29},"skip":true},{"start":{"line":136,"column":26},"end":{"line":136,"column":54},"skip":true}]},"17":{"line":164,"type":"binary-expr","locations":[{"start":{"line":164,"column":27},"end":{"line":164,"column":43},"skip":true},{"start":{"line":164,"column":47},"end":{"line":164,"column":49},"skip":true}]},"18":{"line":258,"type":"if","locations":[{"start":{"line":258,"column":8},"end":{"line":258,"column":8},"skip":true},{"start":{"line":258,"column":8},"end":{"line":258,"column":8},"skip":true}]},"19":{"line":275,"type":"switch","locations":[{"start":{"line":276,"column":20},"end":{"line":277,"column":64},"skip":true},{"start":{"line":278,"column":20},"end":{"line":279,"column":40},"skip":true},{"start":{"line":280,"column":20},"end":{"line":281,"column":40},"skip":true},{"start":{"line":282,"column":20},"end":{"line":283,"column":39},"skip":true}]},"20":{"line":288,"type":"if","locations":[{"start":{"line":288,"column":8},"end":{"line":288,"column":8},"skip":true},{"start":{"line":288,"column":8},"end":{"line":288,"column":8},"skip":true}]},"21":{"line":288,"type":"binary-expr","locations":[{"start":{"line":288,"column":12},"end":{"line":288,"column":40},"skip":true},{"start":{"line":288,"column":44},"end":{"line":288,"column":67},"skip":true}]},"22":{"line":292,"type":"binary-expr","locations":[{"start":{"line":292,"column":12},"end":{"line":292,"column":50},"skip":true},{"start":{"line":293,"column":12},"end":{"line":293,"column":53},"skip":true}]},"23":{"line":297,"type":"binary-expr","locations":[{"start":{"line":297,"column":12},"end":{"line":297,"column":61},"skip":true},{"start":{"line":298,"column":12},"end":{"line":301,"column":36},"skip":true}]},"24":{"line":303,"type":"binary-expr","locations":[{"start":{"line":303,"column":43},"end":{"line":303,"column":75},"skip":true},{"start":{"line":303,"column":79},"end":{"line":303,"column":81},"skip":true}]},"25":{"line":306,"type":"if","locations":[{"start":{"line":306,"column":8},"end":{"line":306,"column":8},"skip":true},{"start":{"line":306,"column":8},"end":{"line":306,"column":8},"skip":true}]},"26":{"line":310,"type":"if","locations":[{"start":{"line":310,"column":8},"end":{"line":310,"column":8},"skip":true},{"start":{"line":310,"column":8},"end":{"line":310,"column":8},"skip":true}]},"27":{"line":313,"type":"binary-expr","locations":[{"start":{"line":313,"column":27},"end":{"line":313,"column":43},"skip":true},{"start":{"line":313,"column":47},"end":{"line":313,"column":53},"skip":true}]},"28":{"line":317,"type":"if","locations":[{"start":{"line":317,"column":12},"end":{"line":317,"column":12},"skip":true},{"start":{"line":317,"column":12},"end":{"line":317,"column":12},"skip":true}]}},"code":["/*","example.js","","quickstart example","","instruction","    1. save this script as example.js","    2. run the shell command:","        $ npm install npmtest-joi && PORT=8081 node example.js","    3. play with the browser-demo on http://127.0.0.1:8081","*/","","","","/* istanbul instrument in package npmtest_joi */","/*jslint","    bitwise: true,","    browser: true,","    maxerr: 8,","    maxlen: 96,","    node: true,","    nomen: true,","    regexp: true,","    stupid: true","*/","(function () {","    'use strict';","    var local;","","","","    // run shared js-env code - init-before","    (function () {","        // init local","        local = {};","        // init modeJs","        local.modeJs = (function () {","            try {","                return typeof navigator.userAgent === 'string' &&","                    typeof document.querySelector('body') === 'object' &&","                    typeof XMLHttpRequest.prototype.open === 'function' &&","                    'browser';","            } catch (errorCaughtBrowser) {","                return module.exports &&","                    typeof process.versions.node === 'string' &&","                    typeof require('http').createServer === 'function' &&","                    'node';","            }","        }());","        // init global","        local.global = local.modeJs === 'browser'","            ? window","            : global;","        // init utility2_rollup","        local = local.global.utility2_rollup || (local.modeJs === 'browser'","            ? local.global.utility2_npmtest_joi","            : global.utility2_moduleExports);","        // export local","        local.global.local = local;","    }());","    switch (local.modeJs) {","","","","    // init-after","    // run browser js-env code - init-after","    /* istanbul ignore next */","    case 'browser':","        local.testRunBrowser = function (event) {","            if (!event || (event &&","                    event.currentTarget &&","                    event.currentTarget.className &&","                    event.currentTarget.className.includes &&","                    event.currentTarget.className.includes('onreset'))) {","                // reset output","                Array.from(","                    document.querySelectorAll('body > .resettable')","                ).forEach(function (element) {","                    switch (element.tagName) {","                    case 'INPUT':","                    case 'TEXTAREA':","                        element.value = '';","                        break;","                    default:","                        element.textContent = '';","                    }","                });","            }","            switch (event && event.currentTarget && event.currentTarget.id) {","            case 'testRunButton1':","                // show tests","                if (document.querySelector('#testReportDiv1').style.display === 'none') {","                    document.querySelector('#testReportDiv1').style.display = 'block';","                    document.querySelector('#testRunButton1').textContent =","                        'hide internal test';","                    local.modeTest = true;","                    local.testRunDefault(local);","                // hide tests","                } else {","                    document.querySelector('#testReportDiv1').style.display = 'none';","                    document.querySelector('#testRunButton1').textContent = 'run internal test';","                }","                break;","            // custom-case","            default:","                break;","            }","            if (document.querySelector('#inputTextareaEval1') && (!event || (event &&","                    event.currentTarget &&","                    event.currentTarget.className &&","                    event.currentTarget.className.includes &&","                    event.currentTarget.className.includes('oneval')))) {","                // try to eval input-code","                try {","                    /*jslint evil: true*/","                    eval(document.querySelector('#inputTextareaEval1').value);","                } catch (errorCaught) {","                    console.error(errorCaught);","                }","            }","        };","        // log stderr and stdout to #outputTextareaStdout1","        ['error', 'log'].forEach(function (key) {","            console[key + '_original'] = console[key];","            console[key] = function () {","                var element;","                console[key + '_original'].apply(console, arguments);","                element = document.querySelector('#outputTextareaStdout1');","                if (!element) {","                    return;","                }","                // append text to #outputTextareaStdout1","                element.value += Array.from(arguments).map(function (arg) {","                    return typeof arg === 'string'","                        ? arg","                        : JSON.stringify(arg, null, 4);","                }).join(' ') + '\\n';","                // scroll textarea to bottom","                element.scrollTop = element.scrollHeight;","            };","        });","        // init event-handling","        ['change', 'click', 'keyup'].forEach(function (event) {","            Array.from(document.querySelectorAll('.on' + event)).forEach(function (element) {","                element.addEventListener(event, local.testRunBrowser);","            });","        });","        // run tests","        local.testRunBrowser();","        break;","","","","    // run node js-env code - init-after","    /* istanbul ignore next */","    case 'node':","        // export local","        module.exports = local;","        // require modules","        local.fs = require('fs');","        local.http = require('http');","        local.url = require('url');","        // init assets","        local.assetsDict = local.assetsDict || {};","        /* jslint-ignore-begin */","        local.assetsDict['/assets.index.template.html'] = '\\","<!doctype html>\\n\\","<html lang=\"en\">\\n\\","<head>\\n\\","<meta charset=\"UTF-8\">\\n\\","<meta name=\"viewport\" content=\"width=device-width, initial-scale=1\">\\n\\","<title>{{env.npm_package_name}} (v{{env.npm_package_version}})</title>\\n\\","<style>\\n\\","/*csslint\\n\\","    box-sizing: false,\\n\\","    universal-selector: false\\n\\","*/\\n\\","* {\\n\\","    box-sizing: border-box;\\n\\","}\\n\\","body {\\n\\","    background: #dde;\\n\\","    font-family: Arial, Helvetica, sans-serif;\\n\\","    margin: 2rem;\\n\\","}\\n\\","body > * {\\n\\","    margin-bottom: 1rem;\\n\\","}\\n\\",".utility2FooterDiv {\\n\\","    margin-top: 20px;\\n\\","    text-align: center;\\n\\","}\\n\\","</style>\\n\\","<style>\\n\\","/*csslint\\n\\","*/\\n\\","textarea {\\n\\","    font-family: monospace;\\n\\","    height: 10rem;\\n\\","    width: 100%;\\n\\","}\\n\\","textarea[readonly] {\\n\\","    background: #ddd;\\n\\","}\\n\\","</style>\\n\\","</head>\\n\\","<body>\\n\\","<!-- utility2-comment\\n\\","<div id=\"ajaxProgressDiv1\" style=\"background: #d00; height: 2px; left: 0; margin: 0; padding: 0; position: fixed; top: 0; transition: background 0.5s, width 1.5s; width: 25%;\"></div>\\n\\","utility2-comment -->\\n\\","<h1>\\n\\","<!-- utility2-comment\\n\\","    <a\\n\\","        {{#if env.npm_package_homepage}}\\n\\","        href=\"{{env.npm_package_homepage}}\"\\n\\","        {{/if env.npm_package_homepage}}\\n\\","        target=\"_blank\"\\n\\","    >\\n\\","utility2-comment -->\\n\\","        {{env.npm_package_name}} (v{{env.npm_package_version}})\\n\\","<!-- utility2-comment\\n\\","    </a>\\n\\","utility2-comment -->\\n\\","</h1>\\n\\","<h3>{{env.npm_package_description}}</h3>\\n\\","<!-- utility2-comment\\n\\","<h4><a download href=\"assets.app.js\">download standalone app</a></h4>\\n\\","<button class=\"onclick onreset\" id=\"testRunButton1\">run internal test</button><br>\\n\\","<div id=\"testReportDiv1\" style=\"display: none;\"></div>\\n\\","utility2-comment -->\\n\\","\\n\\","\\n\\","\\n\\","<label>stderr and stdout</label>\\n\\","<textarea class=\"resettable\" id=\"outputTextareaStdout1\" readonly></textarea>\\n\\","<!-- utility2-comment\\n\\","{{#if isRollup}}\\n\\","<script src=\"assets.app.js\"></script>\\n\\","{{#unless isRollup}}\\n\\","utility2-comment -->\\n\\","<script src=\"assets.utility2.rollup.js\"></script>\\n\\","<script src=\"jsonp.utility2._stateInit?callback=window.utility2._stateInit\"></script>\\n\\","<script src=\"assets.npmtest_joi.rollup.js\"></script>\\n\\","<script src=\"assets.example.js\"></script>\\n\\","<script src=\"assets.test.js\"></script>\\n\\","<!-- utility2-comment\\n\\","{{/if isRollup}}\\n\\","utility2-comment -->\\n\\","<div class=\"utility2FooterDiv\">\\n\\","    [ this app was created with\\n\\","    <a href=\"https://github.com/kaizhu256/node-utility2\" target=\"_blank\">utility2</a>\\n\\","    ]\\n\\","</div>\\n\\","</body>\\n\\","</html>\\n\\","';","        /* jslint-ignore-end */","        if (local.templateRender) {","            local.assetsDict['/'] = local.templateRender(","                local.assetsDict['/assets.index.template.html'],","                {","                    env: local.objectSetDefault(local.env, {","                        npm_package_description: 'the greatest app in the world!',","                        npm_package_name: 'my-app',","                        npm_package_nameAlias: 'my_app',","                        npm_package_version: '0.0.1'","                    })","                }","            );","        } else {","            local.assetsDict['/'] = local.assetsDict['/assets.index.template.html']","                .replace((/\\{\\{env\\.(\\w+?)\\}\\}/g), function (match0, match1) {","                    // jslint-hack","                    String(match0);","                    switch (match1) {","                    case 'npm_package_description':","                        return 'the greatest app in the world!';","                    case 'npm_package_name':","                        return 'my-app';","                    case 'npm_package_nameAlias':","                        return 'my_app';","                    case 'npm_package_version':","                        return '0.0.1';","                    }","                });","        }","        // run the cli","        if (local.global.utility2_rollup || module !== require.main) {","            break;","        }","        local.assetsDict['/assets.example.js'] =","            local.assetsDict['/assets.example.js'] ||","            local.fs.readFileSync(__filename, 'utf8');","        // bug-workaround - long $npm_package_buildCustomOrg","        /* jslint-ignore-begin */","        local.assetsDict['/assets.npmtest_joi.rollup.js'] =","            local.assetsDict['/assets.npmtest_joi.rollup.js'] ||","            local.fs.readFileSync(","                local.npmtest_joi.__dirname + '/lib.npmtest_joi.js',","                'utf8'","            ).replace((/^#!/), '//');","        /* jslint-ignore-end */","        local.assetsDict['/favicon.ico'] = local.assetsDict['/favicon.ico'] || '';","        // if $npm_config_timeout_exit exists,","        // then exit this process after $npm_config_timeout_exit ms","        if (Number(process.env.npm_config_timeout_exit)) {","            setTimeout(process.exit, Number(process.env.npm_config_timeout_exit));","        }","        // start server","        if (local.global.utility2_serverHttp1) {","            break;","        }","        process.env.PORT = process.env.PORT || '8081';","        console.error('server starting on port ' + process.env.PORT);","        local.http.createServer(function (request, response) {","            request.urlParsed = local.url.parse(request.url);","            if (local.assetsDict[request.urlParsed.pathname] !== undefined) {","                response.end(local.assetsDict[request.urlParsed.pathname]);","                return;","            }","            response.statusCode = 404;","            response.end();","        }).listen(process.env.PORT);","        break;","    }","}());",""],"l":{"26":2,"28":2,"33":2,"35":2,"37":2,"38":2,"39":2,"44":1,"51":2,"55":2,"59":2,"61":2,"69":1,"70":2,"76":2,"79":2,"82":2,"83":2,"85":1,"89":2,"92":1,"93":1,"94":1,"96":1,"97":1,"100":1,"101":1,"103":1,"106":1,"108":2,"114":1,"116":1,"118":1,"123":1,"124":2,"125":2,"126":3,"127":3,"128":3,"129":3,"130":1,"133":3,"134":3,"139":3,"143":1,"144":3,"145":1,"149":1,"150":1,"158":1,"160":1,"161":1,"162":1,"164":1,"166":1,"258":1,"259":1,"271":1,"274":6,"275":6,"277":1,"279":2,"281":1,"283":2,"288":1,"289":1,"291":1,"296":1,"303":1,"306":1,"307":1,"310":1,"311":1,"313":1,"314":1,"315":1,"316":1,"317":1,"318":1,"319":1,"321":1,"322":1,"324":1}},"/home/travis/build/npmtest/node-npmtest-joi/node_modules/joi/lib/index.js":{"path":"/home/travis/build/npmtest/node-npmtest-joi/node_modules/joi/lib/index.js","s":{"1":1,"2":1,"3":1,"4":1,"5":1,"6":1,"7":1,"8":1,"9":1,"10":1,"11":1,"12":0,"13":0,"14":1,"15":0,"16":1,"17":0,"18":0,"19":1,"20":10,"21":10,"22":1,"23":0,"24":0,"25":1,"26":0,"27":0,"28":1,"29":0,"30":0,"31":1,"32":0,"33":0,"34":1,"35":4,"36":1,"37":1,"38":1,"39":1,"40":0,"41":1,"42":0,"43":1,"44":0,"45":0,"46":0,"47":0,"48":0,"49":0,"50":0,"51":0,"52":1,"53":0,"54":0,"55":1,"56":0,"57":0,"58":0,"59":0,"60":0,"61":1,"62":0,"63":1,"64":0,"65":0,"66":0,"67":0,"68":0,"69":0,"70":0,"71":0,"72":0,"73":0,"74":0,"75":0,"76":0,"77":1,"78":0,"79":0,"80":0,"81":0,"82":0,"83":0,"84":0,"85":0,"86":0,"87":0,"88":0,"89":0,"90":0,"91":1,"92":0,"93":1,"94":0,"95":0,"96":0,"97":0,"98":0,"99":0,"100":0,"101":0,"102":0,"103":0,"104":0,"105":0,"106":0,"107":0,"108":0,"109":0,"110":0,"111":0,"112":0,"113":0,"114":0,"115":0,"116":0,"117":0,"118":0,"119":0,"120":0,"121":0,"122":0,"123":0,"124":0,"125":0,"126":0,"127":0,"128":0,"129":0,"130":0,"131":0,"132":0,"133":0,"134":0,"135":0,"136":0,"137":0,"138":0,"139":0,"140":0,"141":0,"142":0,"143":0,"144":0,"145":0,"146":0,"147":0,"148":0,"149":0,"150":0,"151":0,"152":0,"153":0,"154":0,"155":0,"156":0,"157":0,"158":0,"159":0,"160":0,"161":0,"162":0,"163":0,"164":0,"165":0,"166":0,"167":0,"168":0,"169":0,"170":0,"171":1,"172":1,"173":1,"174":1,"175":1},"b":{"1":[0,0],"2":[2,2],"3":[0,0],"4":[0,0],"5":[0,0],"6":[0,0],"7":[0,0],"8":[0,0],"9":[0,0],"10":[0,0],"11":[0,0],"12":[0,0],"13":[0,0],"14":[0,0],"15":[0,0],"16":[0,0],"17":[0,0],"18":[0,0],"19":[0,0],"20":[0,0],"21":[0,0],"22":[0,0],"23":[0,0],"24":[0,0],"25":[0,0],"26":[0,0],"27":[0,0],"28":[0,0],"29":[0,0],"30":[0,0],"31":[0,0],"32":[0,0],"33":[0,0],"34":[0,0],"35":[0,0],"36":[0,0],"37":[0,0],"38":[0,0],"39":[0,0],"40":[0,0],"41":[0,0]},"f":{"1":1,"2":0,"3":0,"4":0,"5":10,"6":0,"7":0,"8":0,"9":0,"10":4,"11":1,"12":0,"13":0,"14":0,"15":0,"16":0,"17":0,"18":0,"19":0,"20":0,"21":0,"22":0,"23":0,"24":0,"25":0,"26":0,"27":0,"28":0},"fnMap":{"1":{"name":"(anonymous_1)","line":27,"loc":{"start":{"line":27,"column":17},"end":{"line":27,"column":29}}},"2":{"name":"(anonymous_2)","line":32,"loc":{"start":{"line":32,"column":15},"end":{"line":32,"column":27}}},"3":{"name":"(anonymous_3)","line":39,"loc":{"start":{"line":39,"column":35},"end":{"line":39,"column":47}}},"4":{"name":"(anonymous_4)","line":44,"loc":{"start":{"line":44,"column":17},"end":{"line":44,"column":29}}},"5":{"name":"(anonymous_5)","line":51,"loc":{"start":{"line":51,"column":31},"end":{"line":51,"column":43}}},"6":{"name":"(anonymous_6)","line":58,"loc":{"start":{"line":58,"column":18},"end":{"line":58,"column":30}}},"7":{"name":"(anonymous_7)","line":65,"loc":{"start":{"line":65,"column":16},"end":{"line":65,"column":28}}},"8":{"name":"(anonymous_8)","line":72,"loc":{"start":{"line":72,"column":16},"end":{"line":72,"column":28}}},"9":{"name":"(anonymous_9)","line":79,"loc":{"start":{"line":79,"column":18},"end":{"line":79,"column":30}}},"10":{"name":"(anonymous_10)","line":86,"loc":{"start":{"line":86,"column":18},"end":{"line":86,"column":30}}},"11":{"name":"(anonymous_11)","line":91,"loc":{"start":{"line":91,"column":18},"end":{"line":91,"column":30}}},"12":{"name":"(anonymous_12)","line":98,"loc":{"start":{"line":98,"column":15},"end":{"line":98,"column":27}}},"13":{"name":"(anonymous_13)","line":103,"loc":{"start":{"line":103,"column":17},"end":{"line":103,"column":32}}},"14":{"name":"(anonymous_14)","line":108,"loc":{"start":{"line":108,"column":20},"end":{"line":108,"column":74}}},"15":{"name":"(anonymous_15)","line":124,"loc":{"start":{"line":124,"column":20},"end":{"line":124,"column":32}}},"16":{"name":"(anonymous_16)","line":130,"loc":{"start":{"line":130,"column":19},"end":{"line":130,"column":37}}},"17":{"name":"(anonymous_17)","line":143,"loc":{"start":{"line":143,"column":18},"end":{"line":143,"column":52}}},"18":{"name":"(anonymous_18)","line":148,"loc":{"start":{"line":148,"column":19},"end":{"line":148,"column":53}}},"19":{"name":"(anonymous_19)","line":173,"loc":{"start":{"line":173,"column":17},"end":{"line":173,"column":41}}},"20":{"name":"(anonymous_20)","line":197,"loc":{"start":{"line":197,"column":16},"end":{"line":197,"column":30}}},"21":{"name":"(anonymous_21)","line":202,"loc":{"start":{"line":202,"column":18},"end":{"line":202,"column":30}}},"22":{"name":"(anonymous_22)","line":225,"loc":{"start":{"line":225,"column":27},"end":{"line":225,"column":30}}},"23":{"name":"(anonymous_23)","line":245,"loc":{"start":{"line":245,"column":41},"end":{"line":245,"column":74}}},"24":{"name":"(anonymous_24)","line":266,"loc":{"start":{"line":266,"column":39},"end":{"line":266,"column":72}}},"25":{"name":"(anonymous_25)","line":295,"loc":{"start":{"line":295,"column":48},"end":{"line":295,"column":60}}},"26":{"name":"(anonymous_26)","line":318,"loc":{"start":{"line":318,"column":45},"end":{"line":318,"column":78}}},"27":{"name":"(anonymous_27)","line":342,"loc":{"start":{"line":342,"column":42},"end":{"line":342,"column":54}}},"28":{"name":"(anonymous_28)","line":350,"loc":{"start":{"line":350,"column":34},"end":{"line":350,"column":46}}}},"statementMap":{"1":{"start":{"line":5,"column":0},"end":{"line":5,"column":29}},"2":{"start":{"line":6,"column":0},"end":{"line":6,"column":29}},"3":{"start":{"line":7,"column":0},"end":{"line":7,"column":31}},"4":{"start":{"line":8,"column":0},"end":{"line":8,"column":35}},"5":{"start":{"line":9,"column":0},"end":{"line":9,"column":31}},"6":{"start":{"line":10,"column":0},"end":{"line":10,"column":29}},"7":{"start":{"line":15,"column":0},"end":{"line":24,"column":2}},"8":{"start":{"line":27,"column":0},"end":{"line":383,"column":2}},"9":{"start":{"line":29,"column":4},"end":{"line":29,"column":26}},"10":{"start":{"line":31,"column":4},"end":{"line":31,"column":29}},"11":{"start":{"line":32,"column":4},"end":{"line":37,"column":6}},"12":{"start":{"line":34,"column":8},"end":{"line":34,"column":83}},"13":{"start":{"line":36,"column":8},"end":{"line":36,"column":19}},"14":{"start":{"line":39,"column":4},"end":{"line":42,"column":6}},"15":{"start":{"line":41,"column":8},"end":{"line":41,"column":127}},"16":{"start":{"line":44,"column":4},"end":{"line":49,"column":6}},"17":{"start":{"line":46,"column":8},"end":{"line":46,"column":85}},"18":{"start":{"line":48,"column":8},"end":{"line":48,"column":31}},"19":{"start":{"line":51,"column":4},"end":{"line":56,"column":6}},"20":{"start":{"line":53,"column":8},"end":{"line":53,"column":87}},"21":{"start":{"line":55,"column":8},"end":{"line":55,"column":33}},"22":{"start":{"line":58,"column":4},"end":{"line":63,"column":6}},"23":{"start":{"line":60,"column":8},"end":{"line":60,"column":86}},"24":{"start":{"line":62,"column":8},"end":{"line":62,"column":32}},"25":{"start":{"line":65,"column":4},"end":{"line":70,"column":6}},"26":{"start":{"line":67,"column":8},"end":{"line":67,"column":84}},"27":{"start":{"line":69,"column":8},"end":{"line":69,"column":30}},"28":{"start":{"line":72,"column":4},"end":{"line":77,"column":6}},"29":{"start":{"line":74,"column":8},"end":{"line":74,"column":84}},"30":{"start":{"line":76,"column":8},"end":{"line":76,"column":40}},"31":{"start":{"line":79,"column":4},"end":{"line":84,"column":6}},"32":{"start":{"line":81,"column":8},"end":{"line":81,"column":86}},"33":{"start":{"line":83,"column":8},"end":{"line":83,"column":32}},"34":{"start":{"line":86,"column":4},"end":{"line":89,"column":6}},"35":{"start":{"line":88,"column":8},"end":{"line":88,"column":110}},"36":{"start":{"line":91,"column":4},"end":{"line":96,"column":6}},"37":{"start":{"line":93,"column":8},"end":{"line":93,"column":86}},"38":{"start":{"line":95,"column":8},"end":{"line":95,"column":32}},"39":{"start":{"line":98,"column":4},"end":{"line":101,"column":6}},"40":{"start":{"line":100,"column":8},"end":{"line":100,"column":49}},"41":{"start":{"line":103,"column":4},"end":{"line":106,"column":6}},"42":{"start":{"line":105,"column":8},"end":{"line":105,"column":30}},"43":{"start":{"line":108,"column":4},"end":{"line":122,"column":6}},"44":{"start":{"line":110,"column":8},"end":{"line":110,"column":53}},"45":{"start":{"line":111,"column":8},"end":{"line":111,"column":66}},"46":{"start":{"line":113,"column":8},"end":{"line":113,"column":60}},"47":{"start":{"line":114,"column":8},"end":{"line":116,"column":9}},"48":{"start":{"line":115,"column":12},"end":{"line":115,"column":49}},"49":{"start":{"line":118,"column":8},"end":{"line":118,"column":56}},"50":{"start":{"line":119,"column":8},"end":{"line":119,"column":50}},"51":{"start":{"line":121,"column":8},"end":{"line":121,"column":69}},"52":{"start":{"line":124,"column":4},"end":{"line":128,"column":6}},"53":{"start":{"line":126,"column":8},"end":{"line":126,"column":75}},"54":{"start":{"line":127,"column":8},"end":{"line":127,"column":33}},"55":{"start":{"line":130,"column":4},"end":{"line":141,"column":6}},"56":{"start":{"line":132,"column":8},"end":{"line":140,"column":9}},"57":{"start":{"line":133,"column":12},"end":{"line":133,"column":39}},"58":{"start":{"line":136,"column":12},"end":{"line":138,"column":13}},"59":{"start":{"line":137,"column":16},"end":{"line":137,"column":65}},"60":{"start":{"line":139,"column":12},"end":{"line":139,"column":22}},"61":{"start":{"line":143,"column":4},"end":{"line":146,"column":6}},"62":{"start":{"line":145,"column":8},"end":{"line":145,"column":45}},"63":{"start":{"line":148,"column":4},"end":{"line":171,"column":6}},"64":{"start":{"line":150,"column":8},"end":{"line":150,"column":52}},"65":{"start":{"line":151,"column":8},"end":{"line":151,"column":35}},"66":{"start":{"line":152,"column":8},"end":{"line":168,"column":9}},"67":{"start":{"line":153,"column":12},"end":{"line":158,"column":13}},"68":{"start":{"line":154,"column":16},"end":{"line":156,"column":17}},"69":{"start":{"line":155,"column":20},"end":{"line":155,"column":53}},"70":{"start":{"line":157,"column":16},"end":{"line":157,"column":28}},"71":{"start":{"line":160,"column":12},"end":{"line":165,"column":13}},"72":{"start":{"line":161,"column":16},"end":{"line":163,"column":17}},"73":{"start":{"line":162,"column":20},"end":{"line":162,"column":69}},"74":{"start":{"line":164,"column":16},"end":{"line":164,"column":28}},"75":{"start":{"line":167,"column":12},"end":{"line":167,"column":26}},"76":{"start":{"line":170,"column":8},"end":{"line":170,"column":28}},"77":{"start":{"line":173,"column":4},"end":{"line":195,"column":6}},"78":{"start":{"line":175,"column":8},"end":{"line":175,"column":86}},"79":{"start":{"line":176,"column":8},"end":{"line":176,"column":71}},"80":{"start":{"line":178,"column":8},"end":{"line":180,"column":9}},"81":{"start":{"line":179,"column":12},"end":{"line":179,"column":26}},"82":{"start":{"line":182,"column":8},"end":{"line":182,"column":38}},"83":{"start":{"line":183,"column":8},"end":{"line":183,"column":48}},"84":{"start":{"line":184,"column":8},"end":{"line":186,"column":9}},"85":{"start":{"line":185,"column":12},"end":{"line":185,"column":19}},"86":{"start":{"line":188,"column":8},"end":{"line":188,"column":29}},"87":{"start":{"line":189,"column":8},"end":{"line":194,"column":9}},"88":{"start":{"line":190,"column":12},"end":{"line":190,"column":38}},"89":{"start":{"line":191,"column":12},"end":{"line":193,"column":13}},"90":{"start":{"line":192,"column":16},"end":{"line":192,"column":77}},"91":{"start":{"line":197,"column":4},"end":{"line":200,"column":6}},"92":{"start":{"line":199,"column":8},"end":{"line":199,"column":28}},"93":{"start":{"line":202,"column":4},"end":{"line":357,"column":6}},"94":{"start":{"line":204,"column":8},"end":{"line":204,"column":79}},"95":{"start":{"line":205,"column":8},"end":{"line":205,"column":89}},"96":{"start":{"line":207,"column":8},"end":{"line":207,"column":55}},"97":{"start":{"line":209,"column":8},"end":{"line":209,"column":46}},"98":{"start":{"line":210,"column":8},"end":{"line":210,"column":33}},"99":{"start":{"line":212,"column":8},"end":{"line":354,"column":9}},"100":{"start":{"line":213,"column":12},"end":{"line":213,"column":42}},"101":{"start":{"line":215,"column":12},"end":{"line":217,"column":13}},"102":{"start":{"line":216,"column":16},"end":{"line":216,"column":43}},"103":{"start":{"line":219,"column":12},"end":{"line":219,"column":57}},"104":{"start":{"line":221,"column":12},"end":{"line":221,"column":64}},"105":{"start":{"line":222,"column":12},"end":{"line":222,"column":42}},"106":{"start":{"line":223,"column":12},"end":{"line":242,"column":14}},"107":{"start":{"line":227,"column":20},"end":{"line":227,"column":28}},"108":{"start":{"line":228,"column":20},"end":{"line":230,"column":21}},"109":{"start":{"line":229,"column":24},"end":{"line":229,"column":50}},"110":{"start":{"line":232,"column":20},"end":{"line":232,"column":48}},"111":{"start":{"line":234,"column":20},"end":{"line":239,"column":21}},"112":{"start":{"line":235,"column":24},"end":{"line":235,"column":76}},"113":{"start":{"line":236,"column":24},"end":{"line":238,"column":27}},"114":{"start":{"line":244,"column":12},"end":{"line":264,"column":13}},"115":{"start":{"line":245,"column":16},"end":{"line":263,"column":18}},"116":{"start":{"line":247,"column":20},"end":{"line":255,"column":21}},"117":{"start":{"line":248,"column":24},"end":{"line":248,"column":97}},"118":{"start":{"line":250,"column":24},"end":{"line":252,"column":25}},"119":{"start":{"line":251,"column":28},"end":{"line":251,"column":43}},"120":{"start":{"line":254,"column":24},"end":{"line":254,"column":46}},"121":{"start":{"line":257,"column":20},"end":{"line":257,"column":83}},"122":{"start":{"line":258,"column":20},"end":{"line":260,"column":21}},"123":{"start":{"line":259,"column":24},"end":{"line":259,"column":54}},"124":{"start":{"line":262,"column":20},"end":{"line":262,"column":42}},"125":{"start":{"line":265,"column":12},"end":{"line":285,"column":13}},"126":{"start":{"line":266,"column":16},"end":{"line":284,"column":18}},"127":{"start":{"line":268,"column":20},"end":{"line":276,"column":21}},"128":{"start":{"line":269,"column":24},"end":{"line":269,"column":95}},"129":{"start":{"line":271,"column":24},"end":{"line":273,"column":25}},"130":{"start":{"line":272,"column":28},"end":{"line":272,"column":43}},"131":{"start":{"line":275,"column":24},"end":{"line":275,"column":46}},"132":{"start":{"line":278,"column":20},"end":{"line":278,"column":80}},"133":{"start":{"line":279,"column":20},"end":{"line":281,"column":21}},"134":{"start":{"line":280,"column":24},"end":{"line":280,"column":54}},"135":{"start":{"line":283,"column":20},"end":{"line":283,"column":42}},"136":{"start":{"line":287,"column":12},"end":{"line":339,"column":13}},"137":{"start":{"line":288,"column":16},"end":{"line":338,"column":17}},"138":{"start":{"line":289,"column":20},"end":{"line":289,"column":52}},"139":{"start":{"line":290,"column":20},"end":{"line":292,"column":27}},"140":{"start":{"line":291,"column":93},"end":{"line":291,"column":98}},"141":{"start":{"line":293,"column":20},"end":{"line":293,"column":87}},"142":{"start":{"line":295,"column":20},"end":{"line":337,"column":22}},"143":{"start":{"line":297,"column":24},"end":{"line":299,"column":25}},"144":{"start":{"line":298,"column":28},"end":{"line":298,"column":78}},"145":{"start":{"line":301,"column":24},"end":{"line":301,"column":75}},"146":{"start":{"line":302,"column":24},"end":{"line":302,"column":43}},"147":{"start":{"line":303,"column":24},"end":{"line":303,"column":37}},"148":{"start":{"line":305,"column":24},"end":{"line":310,"column":25}},"149":{"start":{"line":306,"column":28},"end":{"line":306,"column":55}},"150":{"start":{"line":307,"column":28},"end":{"line":309,"column":29}},"151":{"start":{"line":308,"column":32},"end":{"line":308,"column":46}},"152":{"start":{"line":312,"column":24},"end":{"line":314,"column":25}},"153":{"start":{"line":313,"column":28},"end":{"line":313,"column":65}},"154":{"start":{"line":316,"column":24},"end":{"line":316,"column":35}},"155":{"start":{"line":317,"column":24},"end":{"line":330,"column":25}},"156":{"start":{"line":318,"column":28},"end":{"line":321,"column":30}},"157":{"start":{"line":320,"column":32},"end":{"line":320,"column":92}},"158":{"start":{"line":323,"column":28},"end":{"line":326,"column":31}},"159":{"start":{"line":329,"column":28},"end":{"line":329,"column":50}},"160":{"start":{"line":332,"column":24},"end":{"line":334,"column":25}},"161":{"start":{"line":333,"column":28},"end":{"line":333,"column":57}},"162":{"start":{"line":336,"column":24},"end":{"line":336,"column":38}},"163":{"start":{"line":341,"column":12},"end":{"line":347,"column":13}},"164":{"start":{"line":342,"column":16},"end":{"line":346,"column":18}},"165":{"start":{"line":344,"column":20},"end":{"line":344,"column":75}},"166":{"start":{"line":345,"column":20},"end":{"line":345,"column":70}},"167":{"start":{"line":349,"column":12},"end":{"line":349,"column":40}},"168":{"start":{"line":350,"column":12},"end":{"line":353,"column":14}},"169":{"start":{"line":352,"column":16},"end":{"line":352,"column":32}},"170":{"start":{"line":356,"column":8},"end":{"line":356,"column":19}},"171":{"start":{"line":359,"column":4},"end":{"line":376,"column":16}},"172":{"start":{"line":378,"column":4},"end":{"line":378,"column":114}},"173":{"start":{"line":380,"column":4},"end":{"line":380,"column":54}},"174":{"start":{"line":382,"column":4},"end":{"line":382,"column":16}},"175":{"start":{"line":386,"column":0},"end":{"line":386,"column":34}}},"branchMap":{"1":{"line":41,"type":"cond-expr","locations":[{"start":{"line":41,"column":34},"end":{"line":41,"column":101}},{"start":{"line":41,"column":104},"end":{"line":41,"column":126}}]},"2":{"line":88,"type":"cond-expr","locations":[{"start":{"line":88,"column":34},"end":{"line":88,"column":90}},{"start":{"line":88,"column":93},"end":{"line":88,"column":109}}]},"3":{"line":111,"type":"cond-expr","locations":[{"start":{"line":111,"column":54},"end":{"line":111,"column":58}},{"start":{"line":111,"column":61},"end":{"line":111,"column":65}}]},"4":{"line":113,"type":"cond-expr","locations":[{"start":{"line":113,"column":53},"end":{"line":113,"column":54}},{"start":{"line":113,"column":57},"end":{"line":113,"column":58}}]},"5":{"line":114,"type":"if","locations":[{"start":{"line":114,"column":8},"end":{"line":114,"column":8}},{"start":{"line":114,"column":8},"end":{"line":114,"column":8}}]},"6":{"line":118,"type":"cond-expr","locations":[{"start":{"line":118,"column":38},"end":{"line":118,"column":50}},{"start":{"line":118,"column":53},"end":{"line":118,"column":55}}]},"7":{"line":126,"type":"cond-expr","locations":[{"start":{"line":126,"column":42},"end":{"line":126,"column":68}},{"start":{"line":126,"column":71},"end":{"line":126,"column":74}}]},"8":{"line":136,"type":"if","locations":[{"start":{"line":136,"column":12},"end":{"line":136,"column":12}},{"start":{"line":136,"column":12},"end":{"line":136,"column":12}}]},"9":{"line":152,"type":"if","locations":[{"start":{"line":152,"column":8},"end":{"line":152,"column":8}},{"start":{"line":152,"column":8},"end":{"line":152,"column":8}}]},"10":{"line":153,"type":"if","locations":[{"start":{"line":153,"column":12},"end":{"line":153,"column":12}},{"start":{"line":153,"column":12},"end":{"line":153,"column":12}}]},"11":{"line":154,"type":"if","locations":[{"start":{"line":154,"column":16},"end":{"line":154,"column":16}},{"start":{"line":154,"column":16},"end":{"line":154,"column":16}}]},"12":{"line":160,"type":"if","locations":[{"start":{"line":160,"column":12},"end":{"line":160,"column":12}},{"start":{"line":160,"column":12},"end":{"line":160,"column":12}}]},"13":{"line":161,"type":"if","locations":[{"start":{"line":161,"column":16},"end":{"line":161,"column":16}},{"start":{"line":161,"column":16},"end":{"line":161,"column":16}}]},"14":{"line":175,"type":"binary-expr","locations":[{"start":{"line":175,"column":20},"end":{"line":175,"column":26}},{"start":{"line":175,"column":30},"end":{"line":175,"column":51}}]},"15":{"line":178,"type":"if","locations":[{"start":{"line":178,"column":8},"end":{"line":178,"column":8}},{"start":{"line":178,"column":8},"end":{"line":178,"column":8}}]},"16":{"line":184,"type":"if","locations":[{"start":{"line":184,"column":8},"end":{"line":184,"column":8}},{"start":{"line":184,"column":8},"end":{"line":184,"column":8}}]},"17":{"line":191,"type":"if","locations":[{"start":{"line":191,"column":12},"end":{"line":191,"column":12}},{"start":{"line":191,"column":12},"end":{"line":191,"column":12}}]},"18":{"line":215,"type":"if","locations":[{"start":{"line":215,"column":12},"end":{"line":215,"column":12}},{"start":{"line":215,"column":12},"end":{"line":215,"column":12}}]},"19":{"line":221,"type":"binary-expr","locations":[{"start":{"line":221,"column":26},"end":{"line":221,"column":40}},{"start":{"line":221,"column":44},"end":{"line":221,"column":54}}]},"20":{"line":228,"type":"if","locations":[{"start":{"line":228,"column":20},"end":{"line":228,"column":20}},{"start":{"line":228,"column":20},"end":{"line":228,"column":20}}]},"21":{"line":234,"type":"if","locations":[{"start":{"line":234,"column":20},"end":{"line":234,"column":20}},{"start":{"line":234,"column":20},"end":{"line":234,"column":20}}]},"22":{"line":235,"type":"binary-expr","locations":[{"start":{"line":235,"column":41},"end":{"line":235,"column":55}},{"start":{"line":235,"column":59},"end":{"line":235,"column":75}}]},"23":{"line":244,"type":"if","locations":[{"start":{"line":244,"column":12},"end":{"line":244,"column":12}},{"start":{"line":244,"column":12},"end":{"line":244,"column":12}}]},"24":{"line":247,"type":"if","locations":[{"start":{"line":247,"column":20},"end":{"line":247,"column":20}},{"start":{"line":247,"column":20},"end":{"line":247,"column":20}}]},"25":{"line":250,"type":"if","locations":[{"start":{"line":250,"column":24},"end":{"line":250,"column":24}},{"start":{"line":250,"column":24},"end":{"line":250,"column":24}}]},"26":{"line":258,"type":"if","locations":[{"start":{"line":258,"column":20},"end":{"line":258,"column":20}},{"start":{"line":258,"column":20},"end":{"line":258,"column":20}}]},"27":{"line":265,"type":"if","locations":[{"start":{"line":265,"column":12},"end":{"line":265,"column":12}},{"start":{"line":265,"column":12},"end":{"line":265,"column":12}}]},"28":{"line":268,"type":"if","locations":[{"start":{"line":268,"column":20},"end":{"line":268,"column":20}},{"start":{"line":268,"column":20},"end":{"line":268,"column":20}}]},"29":{"line":271,"type":"if","locations":[{"start":{"line":271,"column":24},"end":{"line":271,"column":24}},{"start":{"line":271,"column":24},"end":{"line":271,"column":24}}]},"30":{"line":279,"type":"if","locations":[{"start":{"line":279,"column":20},"end":{"line":279,"column":20}},{"start":{"line":279,"column":20},"end":{"line":279,"column":20}}]},"31":{"line":287,"type":"if","locations":[{"start":{"line":287,"column":12},"end":{"line":287,"column":12}},{"start":{"line":287,"column":12},"end":{"line":287,"column":12}}]},"32":{"line":290,"type":"cond-expr","locations":[{"start":{"line":291,"column":25},"end":{"line":291,"column":126}},{"start":{"line":292,"column":24},"end":{"line":292,"column":26}}]},"33":{"line":291,"type":"cond-expr","locations":[{"start":{"line":291,"column":54},"end":{"line":291,"column":99}},{"start":{"line":291,"column":102},"end":{"line":291,"column":126}}]},"34":{"line":293,"type":"cond-expr","locations":[{"start":{"line":293,"column":55},"end":{"line":293,"column":79}},{"start":{"line":293,"column":82},"end":{"line":293,"column":86}}]},"35":{"line":297,"type":"if","locations":[{"start":{"line":297,"column":24},"end":{"line":297,"column":24}},{"start":{"line":297,"column":24},"end":{"line":297,"column":24}}]},"36":{"line":307,"type":"if","locations":[{"start":{"line":307,"column":28},"end":{"line":307,"column":28}},{"start":{"line":307,"column":28},"end":{"line":307,"column":28}}]},"37":{"line":307,"type":"binary-expr","locations":[{"start":{"line":307,"column":32},"end":{"line":307,"column":39}},{"start":{"line":307,"column":43},"end":{"line":307,"column":61}}]},"38":{"line":312,"type":"if","locations":[{"start":{"line":312,"column":24},"end":{"line":312,"column":24}},{"start":{"line":312,"column":24},"end":{"line":312,"column":24}}]},"39":{"line":317,"type":"if","locations":[{"start":{"line":317,"column":24},"end":{"line":317,"column":24}},{"start":{"line":317,"column":24},"end":{"line":317,"column":24}}]},"40":{"line":332,"type":"if","locations":[{"start":{"line":332,"column":24},"end":{"line":332,"column":24}},{"start":{"line":332,"column":24},"end":{"line":332,"column":24}}]},"41":{"line":341,"type":"if","locations":[{"start":{"line":341,"column":12},"end":{"line":341,"column":12}},{"start":{"line":341,"column":12},"end":{"line":341,"column":12}}]}},"code":["'use strict';","","// Load modules","","const Hoek = require('hoek');","const Any = require('./any');","const Cast = require('./cast');","const Errors = require('./errors');","const Lazy = require('./lazy');","const Ref = require('./ref');","","","// Declare internals","","const internals = {","    alternatives: require('./alternatives'),","    array: require('./array'),","    boolean: require('./boolean'),","    binary: require('./binary'),","    date: require('./date'),","    number: require('./number'),","    object: require('./object'),","    string: require('./string')","};","","","internals.root = function () {","","    const any = new Any();","","    const root = any.clone();","    root.any = function () {","","        Hoek.assert(arguments.length === 0, 'Joi.any() does not allow arguments.');","","        return any;","    };","","    root.alternatives = root.alt = function () {","","        return arguments.length ? internals.alternatives.try.apply(internals.alternatives, arguments) : internals.alternatives;","    };","","    root.array = function () {","","        Hoek.assert(arguments.length === 0, 'Joi.array() does not allow arguments.');","","        return internals.array;","    };","","    root.boolean = root.bool = function () {","","        Hoek.assert(arguments.length === 0, 'Joi.boolean() does not allow arguments.');","","        return internals.boolean;","    };","","    root.binary = function () {","","        Hoek.assert(arguments.length === 0, 'Joi.binary() does not allow arguments.');","","        return internals.binary;","    };","","    root.date = function () {","","        Hoek.assert(arguments.length === 0, 'Joi.date() does not allow arguments.');","","        return internals.date;","    };","","    root.func = function () {","","        Hoek.assert(arguments.length === 0, 'Joi.func() does not allow arguments.');","","        return internals.object._func();","    };","","    root.number = function () {","","        Hoek.assert(arguments.length === 0, 'Joi.number() does not allow arguments.');","","        return internals.number;","    };","","    root.object = function () {","","        return arguments.length ? internals.object.keys.apply(internals.object, arguments) : internals.object;","    };","","    root.string = function () {","","        Hoek.assert(arguments.length === 0, 'Joi.string() does not allow arguments.');","","        return internals.string;","    };","","    root.ref = function () {","","        return Ref.create.apply(null, arguments);","    };","","    root.isRef = function (ref) {","","        return Ref.isRef(ref);","    };","","    root.validate = function (value /*, [schema], [options], callback */) {","","        const last = arguments[arguments.length - 1];","        const callback = typeof last === 'function' ? last : null;","","        const count = arguments.length - (callback ? 1 : 0);","        if (count === 1) {","            return any.validate(value, callback);","        }","","        const options = count === 3 ? arguments[2] : {};","        const schema = root.compile(arguments[1]);","","        return schema._validateWithOptions(value, options, callback);","    };","","    root.describe = function () {","","        const schema = arguments.length ? root.compile(arguments[0]) : any;","        return schema.describe();","    };","","    root.compile = function (schema) {","","        try {","            return Cast.schema(schema);","        }","        catch (err) {","            if (err.hasOwnProperty('path')) {","                err.message = err.message + '(' + err.path + ')';","            }","            throw err;","        }","    };","","    root.assert = function (value, schema, message) {","","        root.attempt(value, schema, message);","    };","","    root.attempt = function (value, schema, message) {","","        const result = root.validate(value, schema);","        const error = result.error;","        if (error) {","            if (!message) {","                if (typeof error.annotate === 'function') {","                    error.message = error.annotate();","                }","                throw error;","            }","","            if (!(message instanceof Error)) {","                if (typeof error.annotate === 'function') {","                    error.message = `${message} ${error.annotate()}`;","                }","                throw error;","            }","","            throw message;","        }","","        return result.value;","    };","","    root.reach = function (schema, path) {","","        Hoek.assert(schema && schema instanceof Any, 'you must provide a joi schema');","        Hoek.assert(typeof path === 'string', 'path must be a string');","","        if (path === '') {","            return schema;","        }","","        const parts = path.split('.');","        const children = schema._inner.children;","        if (!children) {","            return;","        }","","        const key = parts[0];","        for (let i = 0; i < children.length; ++i) {","            const child = children[i];","            if (child.key === key) {","                return this.reach(child.schema, path.s
[...]
,"","    minArity(n) {","","        Hoek.assert(Hoek.isInteger(n) && n > 0, 'n must be a strict positive integer');","","        return this._test('minArity', n, function (value, state, options) {","","            if (value.length >= n) {","                return value;","            }","","            return this.createError('function.minArity', { n }, state, options);","        });","    }","","    maxArity(n) {","","        Hoek.assert(Hoek.isInteger(n) && n >= 0, 'n must be a positive integer');","","        return this._test('maxArity', n, function (value, state, options) {","","            if (value.length <= n) {","                return value;","            }","","            return this.createError('function.maxArity', { n }, state, options);","        });","    }","","    min(limit) {","","        Hoek.assert(Hoek.isInteger(limit) && limit >= 0, 'limit must be a positive integer');","","        return this._test('min', limit, function (value, state, options) {","","            if (Object.keys(value).length >= limit) {","                return value;","            }","","            return this.createError('object.min', { limit }, state, options);","        });","    }","","    max(limit) {","","        Hoek.assert(Hoek.isInteger(limit) && limit >= 0, 'limit must be a positive integer');","","        return this._test('max', limit, function (value, state, options) {","","            if (Object.keys(value).length <= limit) {","                return value;","            }","","            return this.createError('object.max', { limit }, state, options);","        });","    }","","    pattern(pattern, schema) {","","        Hoek.assert(pattern instanceof RegExp, 'Invalid regular expression');","        Hoek.assert(schema !== undefined, 'Invalid rule');","","        pattern = new RegExp(pattern.source, pattern.ignoreCase ? 'i' : undefined);         // Future version should break this and forbid unsupported regex flags","","        try {","            schema = Cast.schema(schema);","        }","        catch (castErr) {","            if (castErr.hasOwnProperty('path')) {","                castErr.message = castErr.message + '(' + castErr.path + ')';","            }","","            throw castErr;","        }","","","        const obj = this.clone();","        obj._inner.patterns.push({ regex: pattern, rule: schema });","        return obj;","    }","","    schema() {","","        return this._test('schema', null, function (value, state, options) {","","            if (value instanceof Any) {","                return value;","            }","","            return this.createError('object.schema', null, state, options);","        });","    }","","    with(key, peers) {","","        return this._dependency('with', key, peers);","    }","","    without(key, peers) {","","        return this._dependency('without', key, peers);","    }","","    xor() {","","        const peers = Hoek.flatten(Array.prototype.slice.call(arguments));","        return this._dependency('xor', null, peers);","    }","","    or() {","","        const peers = Hoek.flatten(Array.prototype.slice.call(arguments));","        return this._dependency('or', null, peers);","    }","","    and() {","","        const peers = Hoek.flatten(Array.prototype.slice.call(arguments));","        return this._dependency('and', null, peers);","    }","","    nand() {","","        const peers = Hoek.flatten(Array.prototype.slice.call(arguments));","        return this._dependency('nand', null, peers);","    }","","    requiredKeys(children) {","","        children = Hoek.flatten(Array.prototype.slice.call(arguments));","        return this.applyFunctionToChildren(children, 'required');","    }","","    optionalKeys(children) {","","        children = Hoek.flatten(Array.prototype.slice.call(arguments));","        return this.applyFunctionToChildren(children, 'optional');","    }","","    rename(from, to, options) {","","        Hoek.assert(typeof from === 'string', 'Rename missing the from argument');","        Hoek.assert(typeof to === 'string', 'Rename missing the to argument');","        Hoek.assert(to !== from, 'Cannot rename key to same name:', from);","","        for (let i = 0; i < this._inner.renames.length; ++i) {","            Hoek.assert(this._inner.renames[i].from !== from, 'Cannot rename the same key multiple times');","        }","","        const obj = this.clone();","","        obj._inner.renames.push({","            from,","            to,","            options: Hoek.applyToDefaults(internals.renameDefaults, options || {})","        });","","        return obj;","    }","","    applyFunctionToChildren(children, fn, args, root) {","","        children = [].concat(children);","        Hoek.assert(children.length > 0, 'expected at least one children');","","        const groupedChildren = internals.groupChildren(children);","        let obj;","","        if ('' in groupedChildren) {","            obj = this[fn].apply(this, args);","            delete groupedChildren[''];","        }","        else {","            obj = this.clone();","        }","","        if (obj._inner.children) {","            root = root ? (root + '.') : '';","","            for (let i = 0; i < obj._inner.children.length; ++i) {","                const child = obj._inner.children[i];","                const group = groupedChildren[child.key];","","                if (group) {","                    obj._inner.children[i] = {","                        key: child.key,","                        _refs: child._refs,","                        schema: child.schema.applyFunctionToChildren(group, fn, args, root + child.key)","                    };","","                    delete groupedChildren[child.key];","                }","            }","        }","","        const remaining = Object.keys(groupedChildren);","        Hoek.assert(remaining.length === 0, 'unknown key(s)', remaining.join(', '));","","        return obj;","    }","","    _dependency(type, key, peers) {","","        peers = [].concat(peers);","        for (let i = 0; i < peers.length; ++i) {","            Hoek.assert(typeof peers[i] === 'string', type, 'peers must be a string or array of strings');","        }","","        const obj = this.clone();","        obj._inner.dependencies.push({ type, key, peers });","        return obj;","    }","","    describe(shallow) {","","        const description = Any.prototype.describe.call(this);","","        if (description.rules) {","            for (let i = 0; i < description.rules.length; ++i) {","                const rule = description.rules[i];","                // Coverage off for future-proof descriptions, only object().assert() is use right now","                if (/* $lab:coverage:off$ */rule.arg &&","                    typeof rule.arg === 'object' &&","                    rule.arg.schema &&","                    rule.arg.ref /* $lab:coverage:on$ */) {","                    rule.arg = {","                        schema: rule.arg.schema.describe(),","                        ref: rule.arg.ref.toString()","                    };","                }","            }","        }","","        if (this._inner.children &&","            !shallow) {","","            description.children = {};","            for (let i = 0; i < this._inner.children.length; ++i) {","                const child = this._inner.children[i];","                description.children[child.key] = child.schema.describe();","            }","        }","","        if (this._inner.dependencies.length) {","            description.dependencies = Hoek.clone(this._inner.dependencies);","        }","","        if (this._inner.patterns.length) {","            description.patterns = [];","","            for (let i = 0; i < this._inner.patterns.length; ++i) {","                const pattern = this._inner.patterns[i];","                description.patterns.push({ regex: pattern.regex.toString(), rule: pattern.rule.describe() });","            }","        }","","        if (this._inner.renames.length > 0) {","            description.renames = Hoek.clone(this._inner.renames);","        }","","        return description;","    }","","    assert(ref, schema, message) {","","        ref = Cast.ref(ref);","        Hoek.assert(ref.isContext || ref.depth > 1, 'Cannot use assertions for root level references - use direct key rules instead');","        message = message || 'pass the assertion test';","","        try {","            schema = Cast.schema(schema);","        }","        catch (castErr) {","            if (castErr.hasOwnProperty('path')) {","                castErr.message = castErr.message + '(' + castErr.path + ')';","            }","","            throw castErr;","        }","","        const key = ref.path[ref.path.length - 1];","        const path = ref.path.join('.');","","        return this._test('assert', { schema, ref }, function (value, state, options) {","","            const result = schema._validate(ref(value), null, options, value);","            if (!result.errors) {","                return value;","            }","","            const localState = Hoek.merge({}, state);","            localState.key = key;","            localState.path = path;","            return this.createError('object.assert', { ref: localState.path, message }, localState, options);","        });","    }","","    type(constructor, name) {","","        Hoek.assert(typeof constructor === 'function', 'type must be a constructor function');","        const typeData = {","            name: name || constructor.name,","            ctor: constructor","        };","","        return this._test('type', typeData, function (value, state, options) {","","            if (value instanceof constructor) {","                return value;","            }","","            return this.createError('object.type', { type: typeData.name }, state, options);","        });","    }","","    ref() {","","        return this._test('ref', null, function (value, state, options) {","","            if (Ref.isRef(value)) {","                return value;","            }","","            return this.createError('function.ref', null, state, options);","        });","    }","};","","internals.safeParse = function (value) {","","    try {","        return JSON.parse(value);","    }","    catch (parseErr) {}","","    return value;","};","","","internals.renameDefaults = {","    alias: false,                   // Keep old value in place","    multiple: false,                // Allow renaming multiple keys into the same target","    override: false                 // Overrides an existing key","};","","","internals.groupChildren = function (children) {","","    children.sort();","","    const grouped = {};","","    for (let i = 0; i < children.length; ++i) {","        const child = children[i];","        Hoek.assert(typeof child === 'string', 'children must be strings');","        const group = child.split('.')[0];","        const childGroup = grouped[group] = (grouped[group] || []);","        childGroup.push(child.substring(group.length + 1));","    }","","    return grouped;","};","","","internals.keysToLabels = function (schema, keys) {","","    const children = schema._inner.children;","","    if (!children) {","        return keys;","    }","","    const findLabel = function (key) {","","        const matchingChild = children.find((child) => child.key === key);","        return matchingChild ? matchingChild.schema._getLabel(key) : key;","    };","","    if (Array.isArray(keys)) {","        return keys.map(findLabel);","    }","","    return findLabel(keys);","};","","","internals.with = function (value, peers, parent, state, options) {","","    if (value === undefined) {","        return value;","    }","","    for (let i = 0; i < peers.length; ++i) {","        const peer = peers[i];","        if (!Object.prototype.hasOwnProperty.call(parent, peer) ||","            parent[peer] === undefined) {","","            return this.createError('object.with', {","                main: state.key,","                mainWithLabel: internals.keysToLabels(this, state.key),","                peer,","                peerWithLabel: internals.keysToLabels(this, peer)","            }, state, options);","        }","    }","","    return value;","};","","","internals.without = function (value, peers, parent, state, options) {","","    if (value === undefined) {","        return value;","    }","","    for (let i = 0; i < peers.length; ++i) {","        const peer = peers[i];","        if (Object.prototype.hasOwnProperty.call(parent, peer) &&","            parent[peer] !== undefined) {","","            return this.createError('object.without', {","                main: state.key,","                mainWithLabel: internals.keysToLabels(this, state.key),","                peer,","                peerWithLabel: internals.keysToLabels(this, peer)","            }, state, options);","        }","    }","","    return value;","};","","","internals.xor = function (value, peers, parent, state, options) {","","    const present = [];","    for (let i = 0; i < peers.length; ++i) {","        const peer = peers[i];","        if (Object.prototype.hasOwnProperty.call(parent, peer) &&","            parent[peer] !== undefined) {","","            present.push(peer);","        }","    }","","    if (present.length === 1) {","        return value;","    }","","    const context = { peers, peersWithLabels: internals.keysToLabels(this, peers) };","","    if (present.length === 0) {","        return this.createError('object.missing', context, state, options);","    }","","    return this.createError('object.xor', context, state, options);","};","","","internals.or = function (value, peers, parent, state, options) {","","    for (let i = 0; i < peers.length; ++i) {","        const peer = peers[i];","        if (Object.prototype.hasOwnProperty.call(parent, peer) &&","            parent[peer] !== undefined) {","            return value;","        }","    }","","    return this.createError('object.missing', {","        peers,","        peersWithLabels: internals.keysToLabels(this, peers)","    }, state, options);","};","","","internals.and = function (value, peers, parent, state, options) {","","    const missing = [];","    const present = [];","    const count = peers.length;","    for (let i = 0; i < count; ++i) {","        const peer = peers[i];","        if (!Object.prototype.hasOwnProperty.call(parent, peer) ||","            parent[peer] === undefined) {","","            missing.push(peer);","        }","        else {","            present.push(peer);","        }","    }","","    const aon = (missing.length === count || present.length === count);","","    if (!aon) {","","        return this.createError('object.and', {","            present,","            presentWithLabels: internals.keysToLabels(this, present),","            missing,","            missingWithLabels: internals.keysToLabels(this, missing)","        }, state, options);","    }","};","","","internals.nand = function (value, peers, parent, state, options) {","","    const present = [];","    for (let i = 0; i < peers.length; ++i) {","        const peer = peers[i];","        if (Object.prototype.hasOwnProperty.call(parent, peer) &&","            parent[peer] !== undefined) {","","            present.push(peer);","        }","    }","","    const values = Hoek.clone(peers);","    const main = values.splice(0, 1)[0];","    const allPresent = (present.length === peers.length);","    return allPresent ? this.createError('object.nand', {","        main,","        mainWithLabel: internals.keysToLabels(this, main),","        peers: values,","        peersWithLabels: internals.keysToLabels(this, values)","    }, state, options) : null;","};","","","module.exports = new internals.Object();",""],"l":{"5":1,"6":1,"7":1,"8":1,"9":1,"10":1,"15":1,"18":1,"22":1,"23":1,"24":1,"25":1,"26":1,"27":1,"32":0,"33":0,"34":0,"36":0,"42":0,"45":0,"48":0,"49":0,"53":0,"54":0,"59":0,"64":0,"65":0,"70":0,"71":0,"72":0,"75":0,"77":0,"80":0,"83":0,"84":0,"85":0,"89":0,"94":0,"95":0,"96":0,"98":0,"99":0,"102":0,"105":0,"106":0,"107":0,"111":0,"115":0,"116":0,"117":0,"121":0,"122":0,"125":0,"128":0,"130":0,"131":0,"137":0,"141":0,"144":0,"146":0,"147":0,"149":0,"150":0,"151":0,"152":0,"154":0,"156":0,"157":0,"158":0,"159":0,"161":0,"162":0,"166":0,"167":0,"169":0,"170":0,"174":0,"175":0,"181":0,"182":0,"185":0,"186":0,"187":0,"188":0,"190":0,"191":0,"193":0,"194":0,"196":0,"197":0,"198":0,"200":0,"201":0,"205":0,"206":0,"212":0,"215":0,"216":0,"219":0,"224":0,"225":0,"227":0,"228":0,"229":0,"231":0,"232":0,"236":0,"239":0,"242":0,"243":0,"244":0,"251":0,"252":0,"253":0,"254":0,"255":0,"256":0,"257":0,"262":0,"267":7,"268":7,"269":7,"274":4,"275":4,"277":4,"279":4,"280":0,"281":0,"284":4,"286":4,"287":0,"288":0,"291":4,"292":4,"293":0,"294":0,"297":0,"298":0,"303":4,"304":25,"305":25,"306":25,"307":25,"308":25,"311":0,"312":0,"315":0,"317":0,"321":4,"323":4,"328":0,"330":0,"331":0,"334":0,"335":0,"336":0,"341":0,"343":0,"345":0,"346":0,"349":0,"355":7,"357":7,"359":0,"360":0,"363":0,"369":0,"371":0,"373":0,"374":0,"377":0,"383":0,"385":0,"387":0,"388":0,"391":0,"397":0,"399":0,"401":0,"402":0,"405":0,"411":0,"413":0,"415":0,"416":0,"419":0,"425":1,"426":1,"428":1,"430":1,"431":1,"434":0,"435":0,"438":0,"442":1,"443":1,"444":1,"449":0,"451":0,"452":0,"455":0,"461":0,"466":0,"471":0,"472":0,"477":2,"478":2,"483":0,"484":0,"489":0,"490":0,"495":0,"496":0,"501":0,"502":0,"507":0,"508":0,"509":0,"511":0,"512":0,"515":0,"517":0,"523":0,"528":0,"529":0,"531":0,"532":0,"534":0,"535":0,"536":0,"539":0,"542":0,"543":0,"545":0,"546":0,"547":0,"549":0,"550":0,"556":0,"561":0,"562":0,"564":0,"569":2,"570":2,"571":4,"574":2,"575":2,"576":2,"581":0,"583":0,"584":0,"585":0,"587":0,"591":0,"599":0,"602":0,"603":0,"604":0,"605":0,"609":0,"610":0,"613":0,"614":0,"616":0,"617":0,"618":0,"622":0,"623":0,"626":0,"631":0,"632":0,"633":0,"635":0,"636":0,"639":0,"640":0,"643":0,"646":0,"647":0,"649":0,"651":0,"652":0,"653":0,"656":0,"657":0,"658":0,"659":0,"665":3,"666":3,"671":3,"673":0,"674":0,"677":0,"683":0,"685":0,"686":0,"689":0,"694":1,"696":0,"697":0,"701":0,"705":1,"712":1,"714":0,"716":0,"718":0,"719":0,"720":0,"721":0,"722":0,"723":0,"726":0,"730":1,"732":0,"734":0,"735":0,"738":0,"740":0,"741":0,"744":0,"745":0,"748":0,"752":1,"754":0,"755":0,"758":0,"759":0,"760":0,"763":0,"772":0,"776":1,"778":0,"779":0,"782":0,"783":0,"784":0,"787":0,"796":0,"800":1,"802":0,"803":0,"804":0,"805":0,"808":0,"812":0,"813":0,"816":0,"818":0,"819":0,"822":0,"826":1,"828":0,"829":0,"830":0,"832":0,"836":0,"843":1,"845":0,"846":0,"847":0,"848":0,"849":0,"850":0,"853":0,"856":0,"860":0,"862":0,"864":0,"874":1,"876":0,"877":0,"878":0,"879":0,"882":0,"886":0,"887":0,"888":0,"889":0,"898":1}},"/home/travis/build/npmtest/node-npmtest-joi/node_modules/joi/lib/schemas.js":{"path":"/home/travis/build/npmtest/node-npmtest-joi/node_modules/joi/lib/schemas.js","s":{"1":1,"2":1,"3":1},"b":{},"f":{},"fnMap":{},"statementMap":{"1":{"start":{"line":5,"column":0},"end":{"line":5,"column":27}},"2":{"start":{"line":10,"column":0},"end":{"line":10,"column":21}},"3":{"start":{"line":12,"column":0},"end":{"line":24,"column":12}}},"branchMap":{},"code":["'use strict';","","// Load modules","","const Joi = require('../');","","","// Declare internals","","const internals = {};","","exports.options = Joi.object({","    abortEarly: Joi.boolean(),","    convert: Joi.boolean(),","    allowUnknown: Joi.boolean(),","    skipFunctions: Joi.boolean(),","    stripUnknown: [Joi.boolean(), Joi.object({ arrays: Joi.boolean(), objects: Joi.boolean() }).or('arrays', 'objects')],","    language: Joi.object(),","    presence: Joi.string().only('required', 'optional', 'forbidden', 'ignore'),","    raw: Joi.boolean(),","    context: Joi.object(),","    strip: Joi.boolean(),","    noDefaults: Joi.boolean()","}).strict();",""],"l":{"5":1,"10":1,"12":1}}}